{
  "numFailedTestSuites": 49,
  "numFailedTests": 0,
  "numPassedTestSuites": 0,
  "numPassedTests": 0,
  "numPendingTestSuites": 0,
  "numPendingTests": 0,
  "numRuntimeErrorTestSuites": 49,
  "numTodoTests": 0,
  "numTotalTestSuites": 49,
  "numTotalTests": 0,
  "openHandles": [],
  "snapshot": {
    "added": 0,
    "didUpdate": false,
    "failure": false,
    "filesAdded": 0,
    "filesRemoved": 0,
    "filesRemovedList": [],
    "filesUnmatched": 0,
    "filesUpdated": 0,
    "matched": 0,
    "total": 0,
    "unchecked": 0,
    "uncheckedKeysByFile": [],
    "unmatched": 0,
    "updated": 0
  },
  "startTime": 1742729445690,
  "success": false,
  "testResults": [
    {
      "assertionResults": [],
      "coverage": {},
      "endTime": 1742729546000,
      "message": "  ● Test suite failed to run\n\n    Configuration error:\n\n    Could not locate module @/utils/validation mapped as:\n    [\n      \"C:\\\\Users\\\\olari\\\\Downloads\\\\healthcare-main\\\\src\\\\utils/validation\",\n      \"C:\\\\Users\\\\olari\\\\Downloads\\\\healthcare-main\\\\utils/validation\",\n      \"C:\\\\Users\\\\olari\\\\Downloads\\\\healthcare-main\\\\frontend\\\\utils/validation\"\n    ].\n\n    Please check your configuration for these entries:\n    {\n      \"moduleNameMapper\": {\n        \"/^@\\/(.*)$/\": \"[\n          \"C:\\\\Users\\\\olari\\\\Downloads\\\\healthcare-main\\\\src\\\\$1\",\n          \"C:\\\\Users\\\\olari\\\\Downloads\\\\healthcare-main\\\\$1\",\n          \"C:\\\\Users\\\\olari\\\\Downloads\\\\healthcare-main\\\\frontend\\\\$1\"\n        ]\"\n      },\n      \"resolver\": undefined\n    }\n\n    \u001b[0m \u001b[90m 303 |\u001b[39m jest\u001b[33m.\u001b[39mmock(\u001b[32m'@/contexts/AuthContext'\u001b[39m\u001b[33m,\u001b[39m () \u001b[33m=>\u001b[39m require(\u001b[32m'./__mocks__/auth-context.js'\u001b[39m)\u001b[33m,\u001b[39m { virtual\u001b[33m:\u001b[39m \u001b[36mtrue\u001b[39m })\u001b[33m;\u001b[39m\n     \u001b[90m 304 |\u001b[39m jest\u001b[33m.\u001b[39mmock(\u001b[32m'@/components/common/LoadingSpinner'\u001b[39m\u001b[33m,\u001b[39m () \u001b[33m=>\u001b[39m require(\u001b[32m'./__mocks__/LoadingSpinner.js'\u001b[39m)\u001b[33m,\u001b[39m { virtual\u001b[33m:\u001b[39m \u001b[36mtrue\u001b[39m })\u001b[33m;\u001b[39m\n    \u001b[31m\u001b[1m>\u001b[22m\u001b[39m\u001b[90m 305 |\u001b[39m jest\u001b[33m.\u001b[39mmock(\u001b[32m'@/utils/validation'\u001b[39m\u001b[33m,\u001b[39m () \u001b[33m=>\u001b[39m ({\n     \u001b[90m     |\u001b[39m      \u001b[31m\u001b[1m^\u001b[22m\u001b[39m\n     \u001b[90m 306 |\u001b[39m   validateLoginData\u001b[33m:\u001b[39m jest\u001b[33m.\u001b[39mfn()\u001b[33m.\u001b[39mmockReturnValue({ isValid\u001b[33m:\u001b[39m \u001b[36mtrue\u001b[39m\u001b[33m,\u001b[39m errors\u001b[33m:\u001b[39m {} })\n     \u001b[90m 307 |\u001b[39m })\u001b[33m,\u001b[39m { virtual\u001b[33m:\u001b[39m \u001b[36mtrue\u001b[39m })\u001b[33m;\u001b[39m\u001b[0m\n\n      at createNoMappedModuleFoundError (node_modules/jest-resolve/build/resolver.js:759:17)\n      at Object.mock (jest.setup.js:305:6)\n",
      "name": "C:\\Users\\olari\\Downloads\\healthcare-main\\healthcare-main\\HealthcareSync\\frontend\\src\\pages\\src\\components\\scheduling\\__tests__\\StaffScheduling.test.js",
      "startTime": 1742729546000,
      "status": "failed",
      "summary": ""
    },
    {
      "assertionResults": [],
      "coverage": {},
      "endTime": 1742729546000,
      "message": "  ● Test suite failed to run\n\n    Configuration error:\n\n    Could not locate module @/utils/validation mapped as:\n    [\n      \"C:\\\\Users\\\\olari\\\\Downloads\\\\healthcare-main\\\\src\\\\utils/validation\",\n      \"C:\\\\Users\\\\olari\\\\Downloads\\\\healthcare-main\\\\utils/validation\",\n      \"C:\\\\Users\\\\olari\\\\Downloads\\\\healthcare-main\\\\frontend\\\\utils/validation\"\n    ].\n\n    Please check your configuration for these entries:\n    {\n      \"moduleNameMapper\": {\n        \"/^@\\/(.*)$/\": \"[\n          \"C:\\\\Users\\\\olari\\\\Downloads\\\\healthcare-main\\\\src\\\\$1\",\n          \"C:\\\\Users\\\\olari\\\\Downloads\\\\healthcare-main\\\\$1\",\n          \"C:\\\\Users\\\\olari\\\\Downloads\\\\healthcare-main\\\\frontend\\\\$1\"\n        ]\"\n      },\n      \"resolver\": undefined\n    }\n\n    \u001b[0m \u001b[90m 303 |\u001b[39m jest\u001b[33m.\u001b[39mmock(\u001b[32m'@/contexts/AuthContext'\u001b[39m\u001b[33m,\u001b[39m () \u001b[33m=>\u001b[39m require(\u001b[32m'./__mocks__/auth-context.js'\u001b[39m)\u001b[33m,\u001b[39m { virtual\u001b[33m:\u001b[39m \u001b[36mtrue\u001b[39m })\u001b[33m;\u001b[39m\n     \u001b[90m 304 |\u001b[39m jest\u001b[33m.\u001b[39mmock(\u001b[32m'@/components/common/LoadingSpinner'\u001b[39m\u001b[33m,\u001b[39m () \u001b[33m=>\u001b[39m require(\u001b[32m'./__mocks__/LoadingSpinner.js'\u001b[39m)\u001b[33m,\u001b[39m { virtual\u001b[33m:\u001b[39m \u001b[36mtrue\u001b[39m })\u001b[33m;\u001b[39m\n    \u001b[31m\u001b[1m>\u001b[22m\u001b[39m\u001b[90m 305 |\u001b[39m jest\u001b[33m.\u001b[39mmock(\u001b[32m'@/utils/validation'\u001b[39m\u001b[33m,\u001b[39m () \u001b[33m=>\u001b[39m ({\n     \u001b[90m     |\u001b[39m      \u001b[31m\u001b[1m^\u001b[22m\u001b[39m\n     \u001b[90m 306 |\u001b[39m   validateLoginData\u001b[33m:\u001b[39m jest\u001b[33m.\u001b[39mfn()\u001b[33m.\u001b[39mmockReturnValue({ isValid\u001b[33m:\u001b[39m \u001b[36mtrue\u001b[39m\u001b[33m,\u001b[39m errors\u001b[33m:\u001b[39m {} })\n     \u001b[90m 307 |\u001b[39m })\u001b[33m,\u001b[39m { virtual\u001b[33m:\u001b[39m \u001b[36mtrue\u001b[39m })\u001b[33m;\u001b[39m\u001b[0m\n\n      at createNoMappedModuleFoundError (node_modules/jest-resolve/build/resolver.js:759:17)\n      at Object.mock (jest.setup.js:305:6)\n",
      "name": "C:\\Users\\olari\\Downloads\\healthcare-main\\healthcare-main\\HealthcareSync\\frontend\\src\\pages\\src\\components\\billing\\__tests__\\PaymentMethods.test.js",
      "startTime": 1742729546000,
      "status": "failed",
      "summary": ""
    },
    {
      "assertionResults": [],
      "coverage": {},
      "endTime": 1742729546000,
      "message": "  ● Test suite failed to run\n\n    Configuration error:\n\n    Could not locate module @/utils/validation mapped as:\n    [\n      \"C:\\\\Users\\\\olari\\\\Downloads\\\\healthcare-main\\\\src\\\\utils/validation\",\n      \"C:\\\\Users\\\\olari\\\\Downloads\\\\healthcare-main\\\\utils/validation\",\n      \"C:\\\\Users\\\\olari\\\\Downloads\\\\healthcare-main\\\\frontend\\\\utils/validation\"\n    ].\n\n    Please check your configuration for these entries:\n    {\n      \"moduleNameMapper\": {\n        \"/^@\\/(.*)$/\": \"[\n          \"C:\\\\Users\\\\olari\\\\Downloads\\\\healthcare-main\\\\src\\\\$1\",\n          \"C:\\\\Users\\\\olari\\\\Downloads\\\\healthcare-main\\\\$1\",\n          \"C:\\\\Users\\\\olari\\\\Downloads\\\\healthcare-main\\\\frontend\\\\$1\"\n        ]\"\n      },\n      \"resolver\": undefined\n    }\n\n    \u001b[0m \u001b[90m 303 |\u001b[39m jest\u001b[33m.\u001b[39mmock(\u001b[32m'@/contexts/AuthContext'\u001b[39m\u001b[33m,\u001b[39m () \u001b[33m=>\u001b[39m require(\u001b[32m'./__mocks__/auth-context.js'\u001b[39m)\u001b[33m,\u001b[39m { virtual\u001b[33m:\u001b[39m \u001b[36mtrue\u001b[39m })\u001b[33m;\u001b[39m\n     \u001b[90m 304 |\u001b[39m jest\u001b[33m.\u001b[39mmock(\u001b[32m'@/components/common/LoadingSpinner'\u001b[39m\u001b[33m,\u001b[39m () \u001b[33m=>\u001b[39m require(\u001b[32m'./__mocks__/LoadingSpinner.js'\u001b[39m)\u001b[33m,\u001b[39m { virtual\u001b[33m:\u001b[39m \u001b[36mtrue\u001b[39m })\u001b[33m;\u001b[39m\n    \u001b[31m\u001b[1m>\u001b[22m\u001b[39m\u001b[90m 305 |\u001b[39m jest\u001b[33m.\u001b[39mmock(\u001b[32m'@/utils/validation'\u001b[39m\u001b[33m,\u001b[39m () \u001b[33m=>\u001b[39m ({\n     \u001b[90m     |\u001b[39m      \u001b[31m\u001b[1m^\u001b[22m\u001b[39m\n     \u001b[90m 306 |\u001b[39m   validateLoginData\u001b[33m:\u001b[39m jest\u001b[33m.\u001b[39mfn()\u001b[33m.\u001b[39mmockReturnValue({ isValid\u001b[33m:\u001b[39m \u001b[36mtrue\u001b[39m\u001b[33m,\u001b[39m errors\u001b[33m:\u001b[39m {} })\n     \u001b[90m 307 |\u001b[39m })\u001b[33m,\u001b[39m { virtual\u001b[33m:\u001b[39m \u001b[36mtrue\u001b[39m })\u001b[33m;\u001b[39m\u001b[0m\n\n      at createNoMappedModuleFoundError (node_modules/jest-resolve/build/resolver.js:759:17)\n      at Object.mock (jest.setup.js:305:6)\n",
      "name": "C:\\Users\\olari\\Downloads\\healthcare-main\\healthcare-main\\HealthcareSync\\frontend\\src\\pages\\src\\components\\billing\\__tests__\\InvoiceList.test.js",
      "startTime": 1742729546000,
      "status": "failed",
      "summary": ""
    },
    {
      "assertionResults": [],
      "coverage": {},
      "endTime": 1742729546000,
      "message": "  ● Test suite failed to run\n\n    Configuration error:\n\n    Could not locate module @/utils/validation mapped as:\n    [\n      \"C:\\\\Users\\\\olari\\\\Downloads\\\\healthcare-main\\\\src\\\\utils/validation\",\n      \"C:\\\\Users\\\\olari\\\\Downloads\\\\healthcare-main\\\\utils/validation\",\n      \"C:\\\\Users\\\\olari\\\\Downloads\\\\healthcare-main\\\\frontend\\\\utils/validation\"\n    ].\n\n    Please check your configuration for these entries:\n    {\n      \"moduleNameMapper\": {\n        \"/^@\\/(.*)$/\": \"[\n          \"C:\\\\Users\\\\olari\\\\Downloads\\\\healthcare-main\\\\src\\\\$1\",\n          \"C:\\\\Users\\\\olari\\\\Downloads\\\\healthcare-main\\\\$1\",\n          \"C:\\\\Users\\\\olari\\\\Downloads\\\\healthcare-main\\\\frontend\\\\$1\"\n        ]\"\n      },\n      \"resolver\": undefined\n    }\n\n    \u001b[0m \u001b[90m 303 |\u001b[39m jest\u001b[33m.\u001b[39mmock(\u001b[32m'@/contexts/AuthContext'\u001b[39m\u001b[33m,\u001b[39m () \u001b[33m=>\u001b[39m require(\u001b[32m'./__mocks__/auth-context.js'\u001b[39m)\u001b[33m,\u001b[39m { virtual\u001b[33m:\u001b[39m \u001b[36mtrue\u001b[39m })\u001b[33m;\u001b[39m\n     \u001b[90m 304 |\u001b[39m jest\u001b[33m.\u001b[39mmock(\u001b[32m'@/components/common/LoadingSpinner'\u001b[39m\u001b[33m,\u001b[39m () \u001b[33m=>\u001b[39m require(\u001b[32m'./__mocks__/LoadingSpinner.js'\u001b[39m)\u001b[33m,\u001b[39m { virtual\u001b[33m:\u001b[39m \u001b[36mtrue\u001b[39m })\u001b[33m;\u001b[39m\n    \u001b[31m\u001b[1m>\u001b[22m\u001b[39m\u001b[90m 305 |\u001b[39m jest\u001b[33m.\u001b[39mmock(\u001b[32m'@/utils/validation'\u001b[39m\u001b[33m,\u001b[39m () \u001b[33m=>\u001b[39m ({\n     \u001b[90m     |\u001b[39m      \u001b[31m\u001b[1m^\u001b[22m\u001b[39m\n     \u001b[90m 306 |\u001b[39m   validateLoginData\u001b[33m:\u001b[39m jest\u001b[33m.\u001b[39mfn()\u001b[33m.\u001b[39mmockReturnValue({ isValid\u001b[33m:\u001b[39m \u001b[36mtrue\u001b[39m\u001b[33m,\u001b[39m errors\u001b[33m:\u001b[39m {} })\n     \u001b[90m 307 |\u001b[39m })\u001b[33m,\u001b[39m { virtual\u001b[33m:\u001b[39m \u001b[36mtrue\u001b[39m })\u001b[33m;\u001b[39m\u001b[0m\n\n      at createNoMappedModuleFoundError (node_modules/jest-resolve/build/resolver.js:759:17)\n      at Object.mock (jest.setup.js:305:6)\n",
      "name": "C:\\Users\\olari\\Downloads\\healthcare-main\\healthcare-main\\HealthcareSync\\frontend\\src\\pages\\src\\components\\billing\\__tests__\\InsuranceModal.test.js",
      "startTime": 1742729546000,
      "status": "failed",
      "summary": ""
    },
    {
      "assertionResults": [],
      "coverage": {},
      "endTime": 1742729546000,
      "message": "  ● Test suite failed to run\n\n    Configuration error:\n\n    Could not locate module @/utils/validation mapped as:\n    [\n      \"C:\\\\Users\\\\olari\\\\Downloads\\\\healthcare-main\\\\src\\\\utils/validation\",\n      \"C:\\\\Users\\\\olari\\\\Downloads\\\\healthcare-main\\\\utils/validation\",\n      \"C:\\\\Users\\\\olari\\\\Downloads\\\\healthcare-main\\\\frontend\\\\utils/validation\"\n    ].\n\n    Please check your configuration for these entries:\n    {\n      \"moduleNameMapper\": {\n        \"/^@\\/(.*)$/\": \"[\n          \"C:\\\\Users\\\\olari\\\\Downloads\\\\healthcare-main\\\\src\\\\$1\",\n          \"C:\\\\Users\\\\olari\\\\Downloads\\\\healthcare-main\\\\$1\",\n          \"C:\\\\Users\\\\olari\\\\Downloads\\\\healthcare-main\\\\frontend\\\\$1\"\n        ]\"\n      },\n      \"resolver\": undefined\n    }\n\n    \u001b[0m \u001b[90m 303 |\u001b[39m jest\u001b[33m.\u001b[39mmock(\u001b[32m'@/contexts/AuthContext'\u001b[39m\u001b[33m,\u001b[39m () \u001b[33m=>\u001b[39m require(\u001b[32m'./__mocks__/auth-context.js'\u001b[39m)\u001b[33m,\u001b[39m { virtual\u001b[33m:\u001b[39m \u001b[36mtrue\u001b[39m })\u001b[33m;\u001b[39m\n     \u001b[90m 304 |\u001b[39m jest\u001b[33m.\u001b[39mmock(\u001b[32m'@/components/common/LoadingSpinner'\u001b[39m\u001b[33m,\u001b[39m () \u001b[33m=>\u001b[39m require(\u001b[32m'./__mocks__/LoadingSpinner.js'\u001b[39m)\u001b[33m,\u001b[39m { virtual\u001b[33m:\u001b[39m \u001b[36mtrue\u001b[39m })\u001b[33m;\u001b[39m\n    \u001b[31m\u001b[1m>\u001b[22m\u001b[39m\u001b[90m 305 |\u001b[39m jest\u001b[33m.\u001b[39mmock(\u001b[32m'@/utils/validation'\u001b[39m\u001b[33m,\u001b[39m () \u001b[33m=>\u001b[39m ({\n     \u001b[90m     |\u001b[39m      \u001b[31m\u001b[1m^\u001b[22m\u001b[39m\n     \u001b[90m 306 |\u001b[39m   validateLoginData\u001b[33m:\u001b[39m jest\u001b[33m.\u001b[39mfn()\u001b[33m.\u001b[39mmockReturnValue({ isValid\u001b[33m:\u001b[39m \u001b[36mtrue\u001b[39m\u001b[33m,\u001b[39m errors\u001b[33m:\u001b[39m {} })\n     \u001b[90m 307 |\u001b[39m })\u001b[33m,\u001b[39m { virtual\u001b[33m:\u001b[39m \u001b[36mtrue\u001b[39m })\u001b[33m;\u001b[39m\u001b[0m\n\n      at createNoMappedModuleFoundError (node_modules/jest-resolve/build/resolver.js:759:17)\n      at Object.mock (jest.setup.js:305:6)\n",
      "name": "C:\\Users\\olari\\Downloads\\healthcare-main\\healthcare-main\\HealthcareSync\\frontend\\src\\pages\\src\\components\\billing\\__tests__\\Billing.test.js",
      "startTime": 1742729546000,
      "status": "failed",
      "summary": ""
    },
    {
      "assertionResults": [],
      "coverage": {},
      "endTime": 1742729546000,
      "message": "  ● Test suite failed to run\n\n    Configuration error:\n\n    Could not locate module @/utils/validation mapped as:\n    [\n      \"C:\\\\Users\\\\olari\\\\Downloads\\\\healthcare-main\\\\src\\\\utils/validation\",\n      \"C:\\\\Users\\\\olari\\\\Downloads\\\\healthcare-main\\\\utils/validation\",\n      \"C:\\\\Users\\\\olari\\\\Downloads\\\\healthcare-main\\\\frontend\\\\utils/validation\"\n    ].\n\n    Please check your configuration for these entries:\n    {\n      \"moduleNameMapper\": {\n        \"/^@\\/(.*)$/\": \"[\n          \"C:\\\\Users\\\\olari\\\\Downloads\\\\healthcare-main\\\\src\\\\$1\",\n          \"C:\\\\Users\\\\olari\\\\Downloads\\\\healthcare-main\\\\$1\",\n          \"C:\\\\Users\\\\olari\\\\Downloads\\\\healthcare-main\\\\frontend\\\\$1\"\n        ]\"\n      },\n      \"resolver\": undefined\n    }\n\n    \u001b[0m \u001b[90m 303 |\u001b[39m jest\u001b[33m.\u001b[39mmock(\u001b[32m'@/contexts/AuthContext'\u001b[39m\u001b[33m,\u001b[39m () \u001b[33m=>\u001b[39m require(\u001b[32m'./__mocks__/auth-context.js'\u001b[39m)\u001b[33m,\u001b[39m { virtual\u001b[33m:\u001b[39m \u001b[36mtrue\u001b[39m })\u001b[33m;\u001b[39m\n     \u001b[90m 304 |\u001b[39m jest\u001b[33m.\u001b[39mmock(\u001b[32m'@/components/common/LoadingSpinner'\u001b[39m\u001b[33m,\u001b[39m () \u001b[33m=>\u001b[39m require(\u001b[32m'./__mocks__/LoadingSpinner.js'\u001b[39m)\u001b[33m,\u001b[39m { virtual\u001b[33m:\u001b[39m \u001b[36mtrue\u001b[39m })\u001b[33m;\u001b[39m\n    \u001b[31m\u001b[1m>\u001b[22m\u001b[39m\u001b[90m 305 |\u001b[39m jest\u001b[33m.\u001b[39mmock(\u001b[32m'@/utils/validation'\u001b[39m\u001b[33m,\u001b[39m () \u001b[33m=>\u001b[39m ({\n     \u001b[90m     |\u001b[39m      \u001b[31m\u001b[1m^\u001b[22m\u001b[39m\n     \u001b[90m 306 |\u001b[39m   validateLoginData\u001b[33m:\u001b[39m jest\u001b[33m.\u001b[39mfn()\u001b[33m.\u001b[39mmockReturnValue({ isValid\u001b[33m:\u001b[39m \u001b[36mtrue\u001b[39m\u001b[33m,\u001b[39m errors\u001b[33m:\u001b[39m {} })\n     \u001b[90m 307 |\u001b[39m })\u001b[33m,\u001b[39m { virtual\u001b[33m:\u001b[39m \u001b[36mtrue\u001b[39m })\u001b[33m;\u001b[39m\u001b[0m\n\n      at createNoMappedModuleFoundError (node_modules/jest-resolve/build/resolver.js:759:17)\n      at Object.mock (jest.setup.js:305:6)\n",
      "name": "C:\\Users\\olari\\Downloads\\healthcare-main\\healthcare-main\\HealthcareSync\\frontend\\src\\pages\\src\\components\\Telemedicine.test.js",
      "startTime": 1742729546000,
      "status": "failed",
      "summary": ""
    },
    {
      "assertionResults": [],
      "coverage": {},
      "endTime": 1742729546000,
      "message": "  ● Test suite failed to run\n\n    Configuration error:\n\n    Could not locate module @/utils/validation mapped as:\n    [\n      \"C:\\\\Users\\\\olari\\\\Downloads\\\\healthcare-main\\\\src\\\\utils/validation\",\n      \"C:\\\\Users\\\\olari\\\\Downloads\\\\healthcare-main\\\\utils/validation\",\n      \"C:\\\\Users\\\\olari\\\\Downloads\\\\healthcare-main\\\\frontend\\\\utils/validation\"\n    ].\n\n    Please check your configuration for these entries:\n    {\n      \"moduleNameMapper\": {\n        \"/^@\\/(.*)$/\": \"[\n          \"C:\\\\Users\\\\olari\\\\Downloads\\\\healthcare-main\\\\src\\\\$1\",\n          \"C:\\\\Users\\\\olari\\\\Downloads\\\\healthcare-main\\\\$1\",\n          \"C:\\\\Users\\\\olari\\\\Downloads\\\\healthcare-main\\\\frontend\\\\$1\"\n        ]\"\n      },\n      \"resolver\": undefined\n    }\n\n    \u001b[0m \u001b[90m 303 |\u001b[39m jest\u001b[33m.\u001b[39mmock(\u001b[32m'@/contexts/AuthContext'\u001b[39m\u001b[33m,\u001b[39m () \u001b[33m=>\u001b[39m require(\u001b[32m'./__mocks__/auth-context.js'\u001b[39m)\u001b[33m,\u001b[39m { virtual\u001b[33m:\u001b[39m \u001b[36mtrue\u001b[39m })\u001b[33m;\u001b[39m\n     \u001b[90m 304 |\u001b[39m jest\u001b[33m.\u001b[39mmock(\u001b[32m'@/components/common/LoadingSpinner'\u001b[39m\u001b[33m,\u001b[39m () \u001b[33m=>\u001b[39m require(\u001b[32m'./__mocks__/LoadingSpinner.js'\u001b[39m)\u001b[33m,\u001b[39m { virtual\u001b[33m:\u001b[39m \u001b[36mtrue\u001b[39m })\u001b[33m;\u001b[39m\n    \u001b[31m\u001b[1m>\u001b[22m\u001b[39m\u001b[90m 305 |\u001b[39m jest\u001b[33m.\u001b[39mmock(\u001b[32m'@/utils/validation'\u001b[39m\u001b[33m,\u001b[39m () \u001b[33m=>\u001b[39m ({\n     \u001b[90m     |\u001b[39m      \u001b[31m\u001b[1m^\u001b[22m\u001b[39m\n     \u001b[90m 306 |\u001b[39m   validateLoginData\u001b[33m:\u001b[39m jest\u001b[33m.\u001b[39mfn()\u001b[33m.\u001b[39mmockReturnValue({ isValid\u001b[33m:\u001b[39m \u001b[36mtrue\u001b[39m\u001b[33m,\u001b[39m errors\u001b[33m:\u001b[39m {} })\n     \u001b[90m 307 |\u001b[39m })\u001b[33m,\u001b[39m { virtual\u001b[33m:\u001b[39m \u001b[36mtrue\u001b[39m })\u001b[33m;\u001b[39m\u001b[0m\n\n      at createNoMappedModuleFoundError (node_modules/jest-resolve/build/resolver.js:759:17)\n      at Object.mock (jest.setup.js:305:6)\n",
      "name": "C:\\Users\\olari\\Downloads\\healthcare-main\\healthcare-main\\HealthcareSync\\frontend\\src\\components\\__tests__\\Telemedicine.test.js",
      "startTime": 1742729546000,
      "status": "failed",
      "summary": ""
    },
    {
      "assertionResults": [],
      "coverage": {},
      "endTime": 1742729546000,
      "message": "  ● Test suite failed to run\n\n    Configuration error:\n\n    Could not locate module @/utils/validation mapped as:\n    [\n      \"C:\\\\Users\\\\olari\\\\Downloads\\\\healthcare-main\\\\src\\\\utils/validation\",\n      \"C:\\\\Users\\\\olari\\\\Downloads\\\\healthcare-main\\\\utils/validation\",\n      \"C:\\\\Users\\\\olari\\\\Downloads\\\\healthcare-main\\\\frontend\\\\utils/validation\"\n    ].\n\n    Please check your configuration for these entries:\n    {\n      \"moduleNameMapper\": {\n        \"/^@\\/(.*)$/\": \"[\n          \"C:\\\\Users\\\\olari\\\\Downloads\\\\healthcare-main\\\\src\\\\$1\",\n          \"C:\\\\Users\\\\olari\\\\Downloads\\\\healthcare-main\\\\$1\",\n          \"C:\\\\Users\\\\olari\\\\Downloads\\\\healthcare-main\\\\frontend\\\\$1\"\n        ]\"\n      },\n      \"resolver\": undefined\n    }\n\n    \u001b[0m \u001b[90m 303 |\u001b[39m jest\u001b[33m.\u001b[39mmock(\u001b[32m'@/contexts/AuthContext'\u001b[39m\u001b[33m,\u001b[39m () \u001b[33m=>\u001b[39m require(\u001b[32m'./__mocks__/auth-context.js'\u001b[39m)\u001b[33m,\u001b[39m { virtual\u001b[33m:\u001b[39m \u001b[36mtrue\u001b[39m })\u001b[33m;\u001b[39m\n     \u001b[90m 304 |\u001b[39m jest\u001b[33m.\u001b[39mmock(\u001b[32m'@/components/common/LoadingSpinner'\u001b[39m\u001b[33m,\u001b[39m () \u001b[33m=>\u001b[39m require(\u001b[32m'./__mocks__/LoadingSpinner.js'\u001b[39m)\u001b[33m,\u001b[39m { virtual\u001b[33m:\u001b[39m \u001b[36mtrue\u001b[39m })\u001b[33m;\u001b[39m\n    \u001b[31m\u001b[1m>\u001b[22m\u001b[39m\u001b[90m 305 |\u001b[39m jest\u001b[33m.\u001b[39mmock(\u001b[32m'@/utils/validation'\u001b[39m\u001b[33m,\u001b[39m () \u001b[33m=>\u001b[39m ({\n     \u001b[90m     |\u001b[39m      \u001b[31m\u001b[1m^\u001b[22m\u001b[39m\n     \u001b[90m 306 |\u001b[39m   validateLoginData\u001b[33m:\u001b[39m jest\u001b[33m.\u001b[39mfn()\u001b[33m.\u001b[39mmockReturnValue({ isValid\u001b[33m:\u001b[39m \u001b[36mtrue\u001b[39m\u001b[33m,\u001b[39m errors\u001b[33m:\u001b[39m {} })\n     \u001b[90m 307 |\u001b[39m })\u001b[33m,\u001b[39m { virtual\u001b[33m:\u001b[39m \u001b[36mtrue\u001b[39m })\u001b[33m;\u001b[39m\u001b[0m\n\n      at createNoMappedModuleFoundError (node_modules/jest-resolve/build/resolver.js:759:17)\n      at Object.mock (jest.setup.js:305:6)\n",
      "name": "C:\\Users\\olari\\Downloads\\healthcare-main\\healthcare-main\\HealthcareSync\\frontend\\src\\components\\__tests__\\StaffScheduling.test.js",
      "startTime": 1742729546000,
      "status": "failed",
      "summary": ""
    },
    {
      "assertionResults": [],
      "coverage": {},
      "endTime": 1742729546000,
      "message": "  ● Test suite failed to run\n\n    Configuration error:\n\n    Could not locate module @/utils/validation mapped as:\n    [\n      \"C:\\\\Users\\\\olari\\\\Downloads\\\\healthcare-main\\\\src\\\\utils/validation\",\n      \"C:\\\\Users\\\\olari\\\\Downloads\\\\healthcare-main\\\\utils/validation\",\n      \"C:\\\\Users\\\\olari\\\\Downloads\\\\healthcare-main\\\\frontend\\\\utils/validation\"\n    ].\n\n    Please check your configuration for these entries:\n    {\n      \"moduleNameMapper\": {\n        \"/^@\\/(.*)$/\": \"[\n          \"C:\\\\Users\\\\olari\\\\Downloads\\\\healthcare-main\\\\src\\\\$1\",\n          \"C:\\\\Users\\\\olari\\\\Downloads\\\\healthcare-main\\\\$1\",\n          \"C:\\\\Users\\\\olari\\\\Downloads\\\\healthcare-main\\\\frontend\\\\$1\"\n        ]\"\n      },\n      \"resolver\": undefined\n    }\n\n    \u001b[0m \u001b[90m 303 |\u001b[39m jest\u001b[33m.\u001b[39mmock(\u001b[32m'@/contexts/AuthContext'\u001b[39m\u001b[33m,\u001b[39m () \u001b[33m=>\u001b[39m require(\u001b[32m'./__mocks__/auth-context.js'\u001b[39m)\u001b[33m,\u001b[39m { virtual\u001b[33m:\u001b[39m \u001b[36mtrue\u001b[39m })\u001b[33m;\u001b[39m\n     \u001b[90m 304 |\u001b[39m jest\u001b[33m.\u001b[39mmock(\u001b[32m'@/components/common/LoadingSpinner'\u001b[39m\u001b[33m,\u001b[39m () \u001b[33m=>\u001b[39m require(\u001b[32m'./__mocks__/LoadingSpinner.js'\u001b[39m)\u001b[33m,\u001b[39m { virtual\u001b[33m:\u001b[39m \u001b[36mtrue\u001b[39m })\u001b[33m;\u001b[39m\n    \u001b[31m\u001b[1m>\u001b[22m\u001b[39m\u001b[90m 305 |\u001b[39m jest\u001b[33m.\u001b[39mmock(\u001b[32m'@/utils/validation'\u001b[39m\u001b[33m,\u001b[39m () \u001b[33m=>\u001b[39m ({\n     \u001b[90m     |\u001b[39m      \u001b[31m\u001b[1m^\u001b[22m\u001b[39m\n     \u001b[90m 306 |\u001b[39m   validateLoginData\u001b[33m:\u001b[39m jest\u001b[33m.\u001b[39mfn()\u001b[33m.\u001b[39mmockReturnValue({ isValid\u001b[33m:\u001b[39m \u001b[36mtrue\u001b[39m\u001b[33m,\u001b[39m errors\u001b[33m:\u001b[39m {} })\n     \u001b[90m 307 |\u001b[39m })\u001b[33m,\u001b[39m { virtual\u001b[33m:\u001b[39m \u001b[36mtrue\u001b[39m })\u001b[33m;\u001b[39m\u001b[0m\n\n      at createNoMappedModuleFoundError (node_modules/jest-resolve/build/resolver.js:759:17)\n      at Object.mock (jest.setup.js:305:6)\n",
      "name": "C:\\Users\\olari\\Downloads\\healthcare-main\\healthcare-main\\HealthcareSync\\frontend\\src\\components\\__tests__\\Messaging.test.js",
      "startTime": 1742729546000,
      "status": "failed",
      "summary": ""
    },
    {
      "assertionResults": [],
      "coverage": {},
      "endTime": 1742729546000,
      "message": "  ● Test suite failed to run\n\n    Configuration error:\n\n    Could not locate module @/utils/validation mapped as:\n    [\n      \"C:\\\\Users\\\\olari\\\\Downloads\\\\healthcare-main\\\\src\\\\utils/validation\",\n      \"C:\\\\Users\\\\olari\\\\Downloads\\\\healthcare-main\\\\utils/validation\",\n      \"C:\\\\Users\\\\olari\\\\Downloads\\\\healthcare-main\\\\frontend\\\\utils/validation\"\n    ].\n\n    Please check your configuration for these entries:\n    {\n      \"moduleNameMapper\": {\n        \"/^@\\/(.*)$/\": \"[\n          \"C:\\\\Users\\\\olari\\\\Downloads\\\\healthcare-main\\\\src\\\\$1\",\n          \"C:\\\\Users\\\\olari\\\\Downloads\\\\healthcare-main\\\\$1\",\n          \"C:\\\\Users\\\\olari\\\\Downloads\\\\healthcare-main\\\\frontend\\\\$1\"\n        ]\"\n      },\n      \"resolver\": undefined\n    }\n\n    \u001b[0m \u001b[90m 303 |\u001b[39m jest\u001b[33m.\u001b[39mmock(\u001b[32m'@/contexts/AuthContext'\u001b[39m\u001b[33m,\u001b[39m () \u001b[33m=>\u001b[39m require(\u001b[32m'./__mocks__/auth-context.js'\u001b[39m)\u001b[33m,\u001b[39m { virtual\u001b[33m:\u001b[39m \u001b[36mtrue\u001b[39m })\u001b[33m;\u001b[39m\n     \u001b[90m 304 |\u001b[39m jest\u001b[33m.\u001b[39mmock(\u001b[32m'@/components/common/LoadingSpinner'\u001b[39m\u001b[33m,\u001b[39m () \u001b[33m=>\u001b[39m require(\u001b[32m'./__mocks__/LoadingSpinner.js'\u001b[39m)\u001b[33m,\u001b[39m { virtual\u001b[33m:\u001b[39m \u001b[36mtrue\u001b[39m })\u001b[33m;\u001b[39m\n    \u001b[31m\u001b[1m>\u001b[22m\u001b[39m\u001b[90m 305 |\u001b[39m jest\u001b[33m.\u001b[39mmock(\u001b[32m'@/utils/validation'\u001b[39m\u001b[33m,\u001b[39m () \u001b[33m=>\u001b[39m ({\n     \u001b[90m     |\u001b[39m      \u001b[31m\u001b[1m^\u001b[22m\u001b[39m\n     \u001b[90m 306 |\u001b[39m   validateLoginData\u001b[33m:\u001b[39m jest\u001b[33m.\u001b[39mfn()\u001b[33m.\u001b[39mmockReturnValue({ isValid\u001b[33m:\u001b[39m \u001b[36mtrue\u001b[39m\u001b[33m,\u001b[39m errors\u001b[33m:\u001b[39m {} })\n     \u001b[90m 307 |\u001b[39m })\u001b[33m,\u001b[39m { virtual\u001b[33m:\u001b[39m \u001b[36mtrue\u001b[39m })\u001b[33m;\u001b[39m\u001b[0m\n\n      at createNoMappedModuleFoundError (node_modules/jest-resolve/build/resolver.js:759:17)\n      at Object.mock (jest.setup.js:305:6)\n",
      "name": "C:\\Users\\olari\\Downloads\\healthcare-main\\healthcare-main\\HealthcareSync\\frontend\\src\\components\\__tests__\\MedicalRecords.test.js",
      "startTime": 1742729546000,
      "status": "failed",
      "summary": ""
    },
    {
      "assertionResults": [],
      "coverage": {},
      "endTime": 1742729546000,
      "message": "  ● Test suite failed to run\n\n    Configuration error:\n\n    Could not locate module @/utils/validation mapped as:\n    [\n      \"C:\\\\Users\\\\olari\\\\Downloads\\\\healthcare-main\\\\src\\\\utils/validation\",\n      \"C:\\\\Users\\\\olari\\\\Downloads\\\\healthcare-main\\\\utils/validation\",\n      \"C:\\\\Users\\\\olari\\\\Downloads\\\\healthcare-main\\\\frontend\\\\utils/validation\"\n    ].\n\n    Please check your configuration for these entries:\n    {\n      \"moduleNameMapper\": {\n        \"/^@\\/(.*)$/\": \"[\n          \"C:\\\\Users\\\\olari\\\\Downloads\\\\healthcare-main\\\\src\\\\$1\",\n          \"C:\\\\Users\\\\olari\\\\Downloads\\\\healthcare-main\\\\$1\",\n          \"C:\\\\Users\\\\olari\\\\Downloads\\\\healthcare-main\\\\frontend\\\\$1\"\n        ]\"\n      },\n      \"resolver\": undefined\n    }\n\n    \u001b[0m \u001b[90m 303 |\u001b[39m jest\u001b[33m.\u001b[39mmock(\u001b[32m'@/contexts/AuthContext'\u001b[39m\u001b[33m,\u001b[39m () \u001b[33m=>\u001b[39m require(\u001b[32m'./__mocks__/auth-context.js'\u001b[39m)\u001b[33m,\u001b[39m { virtual\u001b[33m:\u001b[39m \u001b[36mtrue\u001b[39m })\u001b[33m;\u001b[39m\n     \u001b[90m 304 |\u001b[39m jest\u001b[33m.\u001b[39mmock(\u001b[32m'@/components/common/LoadingSpinner'\u001b[39m\u001b[33m,\u001b[39m () \u001b[33m=>\u001b[39m require(\u001b[32m'./__mocks__/LoadingSpinner.js'\u001b[39m)\u001b[33m,\u001b[39m { virtual\u001b[33m:\u001b[39m \u001b[36mtrue\u001b[39m })\u001b[33m;\u001b[39m\n    \u001b[31m\u001b[1m>\u001b[22m\u001b[39m\u001b[90m 305 |\u001b[39m jest\u001b[33m.\u001b[39mmock(\u001b[32m'@/utils/validation'\u001b[39m\u001b[33m,\u001b[39m () \u001b[33m=>\u001b[39m ({\n     \u001b[90m     |\u001b[39m      \u001b[31m\u001b[1m^\u001b[22m\u001b[39m\n     \u001b[90m 306 |\u001b[39m   validateLoginData\u001b[33m:\u001b[39m jest\u001b[33m.\u001b[39mfn()\u001b[33m.\u001b[39mmockReturnValue({ isValid\u001b[33m:\u001b[39m \u001b[36mtrue\u001b[39m\u001b[33m,\u001b[39m errors\u001b[33m:\u001b[39m {} })\n     \u001b[90m 307 |\u001b[39m })\u001b[33m,\u001b[39m { virtual\u001b[33m:\u001b[39m \u001b[36mtrue\u001b[39m })\u001b[33m;\u001b[39m\u001b[0m\n\n      at createNoMappedModuleFoundError (node_modules/jest-resolve/build/resolver.js:759:17)\n      at Object.mock (jest.setup.js:305:6)\n",
      "name": "C:\\Users\\olari\\Downloads\\healthcare-main\\healthcare-main\\HealthcareSync\\frontend\\src\\components\\__tests__\\HIPAADocs.test.js",
      "startTime": 1742729546000,
      "status": "failed",
      "summary": ""
    },
    {
      "assertionResults": [],
      "coverage": {},
      "endTime": 1742729546000,
      "message": "  ● Test suite failed to run\n\n    Configuration error:\n\n    Could not locate module @/utils/validation mapped as:\n    [\n      \"C:\\\\Users\\\\olari\\\\Downloads\\\\healthcare-main\\\\src\\\\utils/validation\",\n      \"C:\\\\Users\\\\olari\\\\Downloads\\\\healthcare-main\\\\utils/validation\",\n      \"C:\\\\Users\\\\olari\\\\Downloads\\\\healthcare-main\\\\frontend\\\\utils/validation\"\n    ].\n\n    Please check your configuration for these entries:\n    {\n      \"moduleNameMapper\": {\n        \"/^@\\/(.*)$/\": \"[\n          \"C:\\\\Users\\\\olari\\\\Downloads\\\\healthcare-main\\\\src\\\\$1\",\n          \"C:\\\\Users\\\\olari\\\\Downloads\\\\healthcare-main\\\\$1\",\n          \"C:\\\\Users\\\\olari\\\\Downloads\\\\healthcare-main\\\\frontend\\\\$1\"\n        ]\"\n      },\n      \"resolver\": undefined\n    }\n\n    \u001b[0m \u001b[90m 303 |\u001b[39m jest\u001b[33m.\u001b[39mmock(\u001b[32m'@/contexts/AuthContext'\u001b[39m\u001b[33m,\u001b[39m () \u001b[33m=>\u001b[39m require(\u001b[32m'./__mocks__/auth-context.js'\u001b[39m)\u001b[33m,\u001b[39m { virtual\u001b[33m:\u001b[39m \u001b[36mtrue\u001b[39m })\u001b[33m;\u001b[39m\n     \u001b[90m 304 |\u001b[39m jest\u001b[33m.\u001b[39mmock(\u001b[32m'@/components/common/LoadingSpinner'\u001b[39m\u001b[33m,\u001b[39m () \u001b[33m=>\u001b[39m require(\u001b[32m'./__mocks__/LoadingSpinner.js'\u001b[39m)\u001b[33m,\u001b[39m { virtual\u001b[33m:\u001b[39m \u001b[36mtrue\u001b[39m })\u001b[33m;\u001b[39m\n    \u001b[31m\u001b[1m>\u001b[22m\u001b[39m\u001b[90m 305 |\u001b[39m jest\u001b[33m.\u001b[39mmock(\u001b[32m'@/utils/validation'\u001b[39m\u001b[33m,\u001b[39m () \u001b[33m=>\u001b[39m ({\n     \u001b[90m     |\u001b[39m      \u001b[31m\u001b[1m^\u001b[22m\u001b[39m\n     \u001b[90m 306 |\u001b[39m   validateLoginData\u001b[33m:\u001b[39m jest\u001b[33m.\u001b[39mfn()\u001b[33m.\u001b[39mmockReturnValue({ isValid\u001b[33m:\u001b[39m \u001b[36mtrue\u001b[39m\u001b[33m,\u001b[39m errors\u001b[33m:\u001b[39m {} })\n     \u001b[90m 307 |\u001b[39m })\u001b[33m,\u001b[39m { virtual\u001b[33m:\u001b[39m \u001b[36mtrue\u001b[39m })\u001b[33m;\u001b[39m\u001b[0m\n\n      at createNoMappedModuleFoundError (node_modules/jest-resolve/build/resolver.js:759:17)\n      at Object.mock (jest.setup.js:305:6)\n",
      "name": "C:\\Users\\olari\\Downloads\\healthcare-main\\healthcare-main\\HealthcareSync\\frontend\\src\\components\\__tests__\\DeviceIntegration.test.js",
      "startTime": 1742729546000,
      "status": "failed",
      "summary": ""
    },
    {
      "assertionResults": [],
      "coverage": {},
      "endTime": 1742729546000,
      "message": "  ● Test suite failed to run\n\n    Configuration error:\n\n    Could not locate module @/utils/validation mapped as:\n    [\n      \"C:\\\\Users\\\\olari\\\\Downloads\\\\healthcare-main\\\\src\\\\utils/validation\",\n      \"C:\\\\Users\\\\olari\\\\Downloads\\\\healthcare-main\\\\utils/validation\",\n      \"C:\\\\Users\\\\olari\\\\Downloads\\\\healthcare-main\\\\frontend\\\\utils/validation\"\n    ].\n\n    Please check your configuration for these entries:\n    {\n      \"moduleNameMapper\": {\n        \"/^@\\/(.*)$/\": \"[\n          \"C:\\\\Users\\\\olari\\\\Downloads\\\\healthcare-main\\\\src\\\\$1\",\n          \"C:\\\\Users\\\\olari\\\\Downloads\\\\healthcare-main\\\\$1\",\n          \"C:\\\\Users\\\\olari\\\\Downloads\\\\healthcare-main\\\\frontend\\\\$1\"\n        ]\"\n      },\n      \"resolver\": undefined\n    }\n\n    \u001b[0m \u001b[90m 303 |\u001b[39m jest\u001b[33m.\u001b[39mmock(\u001b[32m'@/contexts/AuthContext'\u001b[39m\u001b[33m,\u001b[39m () \u001b[33m=>\u001b[39m require(\u001b[32m'./__mocks__/auth-context.js'\u001b[39m)\u001b[33m,\u001b[39m { virtual\u001b[33m:\u001b[39m \u001b[36mtrue\u001b[39m })\u001b[33m;\u001b[39m\n     \u001b[90m 304 |\u001b[39m jest\u001b[33m.\u001b[39mmock(\u001b[32m'@/components/common/LoadingSpinner'\u001b[39m\u001b[33m,\u001b[39m () \u001b[33m=>\u001b[39m require(\u001b[32m'./__mocks__/LoadingSpinner.js'\u001b[39m)\u001b[33m,\u001b[39m { virtual\u001b[33m:\u001b[39m \u001b[36mtrue\u001b[39m })\u001b[33m;\u001b[39m\n    \u001b[31m\u001b[1m>\u001b[22m\u001b[39m\u001b[90m 305 |\u001b[39m jest\u001b[33m.\u001b[39mmock(\u001b[32m'@/utils/validation'\u001b[39m\u001b[33m,\u001b[39m () \u001b[33m=>\u001b[39m ({\n     \u001b[90m     |\u001b[39m      \u001b[31m\u001b[1m^\u001b[22m\u001b[39m\n     \u001b[90m 306 |\u001b[39m   validateLoginData\u001b[33m:\u001b[39m jest\u001b[33m.\u001b[39mfn()\u001b[33m.\u001b[39mmockReturnValue({ isValid\u001b[33m:\u001b[39m \u001b[36mtrue\u001b[39m\u001b[33m,\u001b[39m errors\u001b[33m:\u001b[39m {} })\n     \u001b[90m 307 |\u001b[39m })\u001b[33m,\u001b[39m { virtual\u001b[33m:\u001b[39m \u001b[36mtrue\u001b[39m })\u001b[33m;\u001b[39m\u001b[0m\n\n      at createNoMappedModuleFoundError (node_modules/jest-resolve/build/resolver.js:759:17)\n      at Object.mock (jest.setup.js:305:6)\n",
      "name": "C:\\Users\\olari\\Downloads\\healthcare-main\\healthcare-main\\HealthcareSync\\frontend\\src\\components\\__tests__\\Billing.test.js",
      "startTime": 1742729546000,
      "status": "failed",
      "summary": ""
    },
    {
      "assertionResults": [],
      "coverage": {},
      "endTime": 1742729546000,
      "message": "  ● Test suite failed to run\n\n    Configuration error:\n\n    Could not locate module @/utils/validation mapped as:\n    [\n      \"C:\\\\Users\\\\olari\\\\Downloads\\\\healthcare-main\\\\src\\\\utils/validation\",\n      \"C:\\\\Users\\\\olari\\\\Downloads\\\\healthcare-main\\\\utils/validation\",\n      \"C:\\\\Users\\\\olari\\\\Downloads\\\\healthcare-main\\\\frontend\\\\utils/validation\"\n    ].\n\n    Please check your configuration for these entries:\n    {\n      \"moduleNameMapper\": {\n        \"/^@\\/(.*)$/\": \"[\n          \"C:\\\\Users\\\\olari\\\\Downloads\\\\healthcare-main\\\\src\\\\$1\",\n          \"C:\\\\Users\\\\olari\\\\Downloads\\\\healthcare-main\\\\$1\",\n          \"C:\\\\Users\\\\olari\\\\Downloads\\\\healthcare-main\\\\frontend\\\\$1\"\n        ]\"\n      },\n      \"resolver\": undefined\n    }\n\n    \u001b[0m \u001b[90m 303 |\u001b[39m jest\u001b[33m.\u001b[39mmock(\u001b[32m'@/contexts/AuthContext'\u001b[39m\u001b[33m,\u001b[39m () \u001b[33m=>\u001b[39m require(\u001b[32m'./__mocks__/auth-context.js'\u001b[39m)\u001b[33m,\u001b[39m { virtual\u001b[33m:\u001b[39m \u001b[36mtrue\u001b[39m })\u001b[33m;\u001b[39m\n     \u001b[90m 304 |\u001b[39m jest\u001b[33m.\u001b[39mmock(\u001b[32m'@/components/common/LoadingSpinner'\u001b[39m\u001b[33m,\u001b[39m () \u001b[33m=>\u001b[39m require(\u001b[32m'./__mocks__/LoadingSpinner.js'\u001b[39m)\u001b[33m,\u001b[39m { virtual\u001b[33m:\u001b[39m \u001b[36mtrue\u001b[39m })\u001b[33m;\u001b[39m\n    \u001b[31m\u001b[1m>\u001b[22m\u001b[39m\u001b[90m 305 |\u001b[39m jest\u001b[33m.\u001b[39mmock(\u001b[32m'@/utils/validation'\u001b[39m\u001b[33m,\u001b[39m () \u001b[33m=>\u001b[39m ({\n     \u001b[90m     |\u001b[39m      \u001b[31m\u001b[1m^\u001b[22m\u001b[39m\n     \u001b[90m 306 |\u001b[39m   validateLoginData\u001b[33m:\u001b[39m jest\u001b[33m.\u001b[39mfn()\u001b[33m.\u001b[39mmockReturnValue({ isValid\u001b[33m:\u001b[39m \u001b[36mtrue\u001b[39m\u001b[33m,\u001b[39m errors\u001b[33m:\u001b[39m {} })\n     \u001b[90m 307 |\u001b[39m })\u001b[33m,\u001b[39m { virtual\u001b[33m:\u001b[39m \u001b[36mtrue\u001b[39m })\u001b[33m;\u001b[39m\u001b[0m\n\n      at createNoMappedModuleFoundError (node_modules/jest-resolve/build/resolver.js:759:17)\n      at Object.mock (jest.setup.js:305:6)\n",
      "name": "C:\\Users\\olari\\Downloads\\healthcare-main\\healthcare-main\\HealthcareSync\\frontend\\src\\components\\__tests__\\Appointments.test.js",
      "startTime": 1742729546000,
      "status": "failed",
      "summary": ""
    },
    {
      "assertionResults": [],
      "coverage": {},
      "endTime": 1742729546000,
      "message": "  ● Test suite failed to run\n\n    Configuration error:\n\n    Could not locate module @/utils/validation mapped as:\n    [\n      \"C:\\\\Users\\\\olari\\\\Downloads\\\\healthcare-main\\\\src\\\\utils/validation\",\n      \"C:\\\\Users\\\\olari\\\\Downloads\\\\healthcare-main\\\\utils/validation\",\n      \"C:\\\\Users\\\\olari\\\\Downloads\\\\healthcare-main\\\\frontend\\\\utils/validation\"\n    ].\n\n    Please check your configuration for these entries:\n    {\n      \"moduleNameMapper\": {\n        \"/^@\\/(.*)$/\": \"[\n          \"C:\\\\Users\\\\olari\\\\Downloads\\\\healthcare-main\\\\src\\\\$1\",\n          \"C:\\\\Users\\\\olari\\\\Downloads\\\\healthcare-main\\\\$1\",\n          \"C:\\\\Users\\\\olari\\\\Downloads\\\\healthcare-main\\\\frontend\\\\$1\"\n        ]\"\n      },\n      \"resolver\": undefined\n    }\n\n    \u001b[0m \u001b[90m 303 |\u001b[39m jest\u001b[33m.\u001b[39mmock(\u001b[32m'@/contexts/AuthContext'\u001b[39m\u001b[33m,\u001b[39m () \u001b[33m=>\u001b[39m require(\u001b[32m'./__mocks__/auth-context.js'\u001b[39m)\u001b[33m,\u001b[39m { virtual\u001b[33m:\u001b[39m \u001b[36mtrue\u001b[39m })\u001b[33m;\u001b[39m\n     \u001b[90m 304 |\u001b[39m jest\u001b[33m.\u001b[39mmock(\u001b[32m'@/components/common/LoadingSpinner'\u001b[39m\u001b[33m,\u001b[39m () \u001b[33m=>\u001b[39m require(\u001b[32m'./__mocks__/LoadingSpinner.js'\u001b[39m)\u001b[33m,\u001b[39m { virtual\u001b[33m:\u001b[39m \u001b[36mtrue\u001b[39m })\u001b[33m;\u001b[39m\n    \u001b[31m\u001b[1m>\u001b[22m\u001b[39m\u001b[90m 305 |\u001b[39m jest\u001b[33m.\u001b[39mmock(\u001b[32m'@/utils/validation'\u001b[39m\u001b[33m,\u001b[39m () \u001b[33m=>\u001b[39m ({\n     \u001b[90m     |\u001b[39m      \u001b[31m\u001b[1m^\u001b[22m\u001b[39m\n     \u001b[90m 306 |\u001b[39m   validateLoginData\u001b[33m:\u001b[39m jest\u001b[33m.\u001b[39mfn()\u001b[33m.\u001b[39mmockReturnValue({ isValid\u001b[33m:\u001b[39m \u001b[36mtrue\u001b[39m\u001b[33m,\u001b[39m errors\u001b[33m:\u001b[39m {} })\n     \u001b[90m 307 |\u001b[39m })\u001b[33m,\u001b[39m { virtual\u001b[33m:\u001b[39m \u001b[36mtrue\u001b[39m })\u001b[33m;\u001b[39m\u001b[0m\n\n      at createNoMappedModuleFoundError (node_modules/jest-resolve/build/resolver.js:759:17)\n      at Object.mock (jest.setup.js:305:6)\n",
      "name": "C:\\Users\\olari\\Downloads\\healthcare-main\\healthcare-main\\HealthcareSync\\frontend\\src\\components\\__tests__\\AnalyticsDashboard.test.js",
      "startTime": 1742729546000,
      "status": "failed",
      "summary": ""
    },
    {
      "assertionResults": [],
      "coverage": {},
      "endTime": 1742729546000,
      "message": "  ● Test suite failed to run\n\n    Configuration error:\n\n    Could not locate module @/utils/validation mapped as:\n    [\n      \"C:\\\\Users\\\\olari\\\\Downloads\\\\healthcare-main\\\\src\\\\utils/validation\",\n      \"C:\\\\Users\\\\olari\\\\Downloads\\\\healthcare-main\\\\utils/validation\",\n      \"C:\\\\Users\\\\olari\\\\Downloads\\\\healthcare-main\\\\frontend\\\\utils/validation\"\n    ].\n\n    Please check your configuration for these entries:\n    {\n      \"moduleNameMapper\": {\n        \"/^@\\/(.*)$/\": \"[\n          \"C:\\\\Users\\\\olari\\\\Downloads\\\\healthcare-main\\\\src\\\\$1\",\n          \"C:\\\\Users\\\\olari\\\\Downloads\\\\healthcare-main\\\\$1\",\n          \"C:\\\\Users\\\\olari\\\\Downloads\\\\healthcare-main\\\\frontend\\\\$1\"\n        ]\"\n      },\n      \"resolver\": undefined\n    }\n\n    \u001b[0m \u001b[90m 303 |\u001b[39m jest\u001b[33m.\u001b[39mmock(\u001b[32m'@/contexts/AuthContext'\u001b[39m\u001b[33m,\u001b[39m () \u001b[33m=>\u001b[39m require(\u001b[32m'./__mocks__/auth-context.js'\u001b[39m)\u001b[33m,\u001b[39m { virtual\u001b[33m:\u001b[39m \u001b[36mtrue\u001b[39m })\u001b[33m;\u001b[39m\n     \u001b[90m 304 |\u001b[39m jest\u001b[33m.\u001b[39mmock(\u001b[32m'@/components/common/LoadingSpinner'\u001b[39m\u001b[33m,\u001b[39m () \u001b[33m=>\u001b[39m require(\u001b[32m'./__mocks__/LoadingSpinner.js'\u001b[39m)\u001b[33m,\u001b[39m { virtual\u001b[33m:\u001b[39m \u001b[36mtrue\u001b[39m })\u001b[33m;\u001b[39m\n    \u001b[31m\u001b[1m>\u001b[22m\u001b[39m\u001b[90m 305 |\u001b[39m jest\u001b[33m.\u001b[39mmock(\u001b[32m'@/utils/validation'\u001b[39m\u001b[33m,\u001b[39m () \u001b[33m=>\u001b[39m ({\n     \u001b[90m     |\u001b[39m      \u001b[31m\u001b[1m^\u001b[22m\u001b[39m\n     \u001b[90m 306 |\u001b[39m   validateLoginData\u001b[33m:\u001b[39m jest\u001b[33m.\u001b[39mfn()\u001b[33m.\u001b[39mmockReturnValue({ isValid\u001b[33m:\u001b[39m \u001b[36mtrue\u001b[39m\u001b[33m,\u001b[39m errors\u001b[33m:\u001b[39m {} })\n     \u001b[90m 307 |\u001b[39m })\u001b[33m,\u001b[39m { virtual\u001b[33m:\u001b[39m \u001b[36mtrue\u001b[39m })\u001b[33m;\u001b[39m\u001b[0m\n\n      at createNoMappedModuleFoundError (node_modules/jest-resolve/build/resolver.js:759:17)\n      at Object.mock (jest.setup.js:305:6)\n",
      "name": "C:\\Users\\olari\\Downloads\\healthcare-main\\healthcare-main\\HealthcareSync\\frontend\\src\\tests\\Billing.test.js",
      "startTime": 1742729546000,
      "status": "failed",
      "summary": ""
    },
    {
      "assertionResults": [],
      "coverage": {},
      "endTime": 1742729546000,
      "message": "  ● Test suite failed to run\n\n    Configuration error:\n\n    Could not locate module @/utils/validation mapped as:\n    [\n      \"C:\\\\Users\\\\olari\\\\Downloads\\\\healthcare-main\\\\src\\\\utils/validation\",\n      \"C:\\\\Users\\\\olari\\\\Downloads\\\\healthcare-main\\\\utils/validation\",\n      \"C:\\\\Users\\\\olari\\\\Downloads\\\\healthcare-main\\\\frontend\\\\utils/validation\"\n    ].\n\n    Please check your configuration for these entries:\n    {\n      \"moduleNameMapper\": {\n        \"/^@\\/(.*)$/\": \"[\n          \"C:\\\\Users\\\\olari\\\\Downloads\\\\healthcare-main\\\\src\\\\$1\",\n          \"C:\\\\Users\\\\olari\\\\Downloads\\\\healthcare-main\\\\$1\",\n          \"C:\\\\Users\\\\olari\\\\Downloads\\\\healthcare-main\\\\frontend\\\\$1\"\n        ]\"\n      },\n      \"resolver\": undefined\n    }\n\n    \u001b[0m \u001b[90m 303 |\u001b[39m jest\u001b[33m.\u001b[39mmock(\u001b[32m'@/contexts/AuthContext'\u001b[39m\u001b[33m,\u001b[39m () \u001b[33m=>\u001b[39m require(\u001b[32m'./__mocks__/auth-context.js'\u001b[39m)\u001b[33m,\u001b[39m { virtual\u001b[33m:\u001b[39m \u001b[36mtrue\u001b[39m })\u001b[33m;\u001b[39m\n     \u001b[90m 304 |\u001b[39m jest\u001b[33m.\u001b[39mmock(\u001b[32m'@/components/common/LoadingSpinner'\u001b[39m\u001b[33m,\u001b[39m () \u001b[33m=>\u001b[39m require(\u001b[32m'./__mocks__/LoadingSpinner.js'\u001b[39m)\u001b[33m,\u001b[39m { virtual\u001b[33m:\u001b[39m \u001b[36mtrue\u001b[39m })\u001b[33m;\u001b[39m\n    \u001b[31m\u001b[1m>\u001b[22m\u001b[39m\u001b[90m 305 |\u001b[39m jest\u001b[33m.\u001b[39mmock(\u001b[32m'@/utils/validation'\u001b[39m\u001b[33m,\u001b[39m () \u001b[33m=>\u001b[39m ({\n     \u001b[90m     |\u001b[39m      \u001b[31m\u001b[1m^\u001b[22m\u001b[39m\n     \u001b[90m 306 |\u001b[39m   validateLoginData\u001b[33m:\u001b[39m jest\u001b[33m.\u001b[39mfn()\u001b[33m.\u001b[39mmockReturnValue({ isValid\u001b[33m:\u001b[39m \u001b[36mtrue\u001b[39m\u001b[33m,\u001b[39m errors\u001b[33m:\u001b[39m {} })\n     \u001b[90m 307 |\u001b[39m })\u001b[33m,\u001b[39m { virtual\u001b[33m:\u001b[39m \u001b[36mtrue\u001b[39m })\u001b[33m;\u001b[39m\u001b[0m\n\n      at createNoMappedModuleFoundError (node_modules/jest-resolve/build/resolver.js:759:17)\n      at Object.mock (jest.setup.js:305:6)\n",
      "name": "C:\\Users\\olari\\Downloads\\healthcare-main\\healthcare-main\\HealthcareSync\\frontend\\src\\lib\\StaffScheduling.test.js",
      "startTime": 1742729546000,
      "status": "failed",
      "summary": ""
    },
    {
      "assertionResults": [],
      "coverage": {},
      "endTime": 1742729546000,
      "message": "  ● Test suite failed to run\n\n    Configuration error:\n\n    Could not locate module @/utils/validation mapped as:\n    [\n      \"C:\\\\Users\\\\olari\\\\Downloads\\\\healthcare-main\\\\src\\\\utils/validation\",\n      \"C:\\\\Users\\\\olari\\\\Downloads\\\\healthcare-main\\\\utils/validation\",\n      \"C:\\\\Users\\\\olari\\\\Downloads\\\\healthcare-main\\\\frontend\\\\utils/validation\"\n    ].\n\n    Please check your configuration for these entries:\n    {\n      \"moduleNameMapper\": {\n        \"/^@\\/(.*)$/\": \"[\n          \"C:\\\\Users\\\\olari\\\\Downloads\\\\healthcare-main\\\\src\\\\$1\",\n          \"C:\\\\Users\\\\olari\\\\Downloads\\\\healthcare-main\\\\$1\",\n          \"C:\\\\Users\\\\olari\\\\Downloads\\\\healthcare-main\\\\frontend\\\\$1\"\n        ]\"\n      },\n      \"resolver\": undefined\n    }\n\n    \u001b[0m \u001b[90m 303 |\u001b[39m jest\u001b[33m.\u001b[39mmock(\u001b[32m'@/contexts/AuthContext'\u001b[39m\u001b[33m,\u001b[39m () \u001b[33m=>\u001b[39m require(\u001b[32m'./__mocks__/auth-context.js'\u001b[39m)\u001b[33m,\u001b[39m { virtual\u001b[33m:\u001b[39m \u001b[36mtrue\u001b[39m })\u001b[33m;\u001b[39m\n     \u001b[90m 304 |\u001b[39m jest\u001b[33m.\u001b[39mmock(\u001b[32m'@/components/common/LoadingSpinner'\u001b[39m\u001b[33m,\u001b[39m () \u001b[33m=>\u001b[39m require(\u001b[32m'./__mocks__/LoadingSpinner.js'\u001b[39m)\u001b[33m,\u001b[39m { virtual\u001b[33m:\u001b[39m \u001b[36mtrue\u001b[39m })\u001b[33m;\u001b[39m\n    \u001b[31m\u001b[1m>\u001b[22m\u001b[39m\u001b[90m 305 |\u001b[39m jest\u001b[33m.\u001b[39mmock(\u001b[32m'@/utils/validation'\u001b[39m\u001b[33m,\u001b[39m () \u001b[33m=>\u001b[39m ({\n     \u001b[90m     |\u001b[39m      \u001b[31m\u001b[1m^\u001b[22m\u001b[39m\n     \u001b[90m 306 |\u001b[39m   validateLoginData\u001b[33m:\u001b[39m jest\u001b[33m.\u001b[39mfn()\u001b[33m.\u001b[39mmockReturnValue({ isValid\u001b[33m:\u001b[39m \u001b[36mtrue\u001b[39m\u001b[33m,\u001b[39m errors\u001b[33m:\u001b[39m {} })\n     \u001b[90m 307 |\u001b[39m })\u001b[33m,\u001b[39m { virtual\u001b[33m:\u001b[39m \u001b[36mtrue\u001b[39m })\u001b[33m;\u001b[39m\u001b[0m\n\n      at createNoMappedModuleFoundError (node_modules/jest-resolve/build/resolver.js:759:17)\n      at Object.mock (jest.setup.js:305:6)\n",
      "name": "C:\\Users\\olari\\Downloads\\healthcare-main\\healthcare-main\\HealthcareSync\\frontend\\src\\lib\\Billing.test.js",
      "startTime": 1742729546000,
      "status": "failed",
      "summary": ""
    },
    {
      "assertionResults": [],
      "coverage": {},
      "endTime": 1742729546000,
      "message": "  ● Test suite failed to run\n\n    Configuration error:\n\n    Could not locate module @/utils/validation mapped as:\n    [\n      \"C:\\\\Users\\\\olari\\\\Downloads\\\\healthcare-main\\\\src\\\\utils/validation\",\n      \"C:\\\\Users\\\\olari\\\\Downloads\\\\healthcare-main\\\\utils/validation\",\n      \"C:\\\\Users\\\\olari\\\\Downloads\\\\healthcare-main\\\\frontend\\\\utils/validation\"\n    ].\n\n    Please check your configuration for these entries:\n    {\n      \"moduleNameMapper\": {\n        \"/^@\\/(.*)$/\": \"[\n          \"C:\\\\Users\\\\olari\\\\Downloads\\\\healthcare-main\\\\src\\\\$1\",\n          \"C:\\\\Users\\\\olari\\\\Downloads\\\\healthcare-main\\\\$1\",\n          \"C:\\\\Users\\\\olari\\\\Downloads\\\\healthcare-main\\\\frontend\\\\$1\"\n        ]\"\n      },\n      \"resolver\": undefined\n    }\n\n    \u001b[0m \u001b[90m 303 |\u001b[39m jest\u001b[33m.\u001b[39mmock(\u001b[32m'@/contexts/AuthContext'\u001b[39m\u001b[33m,\u001b[39m () \u001b[33m=>\u001b[39m require(\u001b[32m'./__mocks__/auth-context.js'\u001b[39m)\u001b[33m,\u001b[39m { virtual\u001b[33m:\u001b[39m \u001b[36mtrue\u001b[39m })\u001b[33m;\u001b[39m\n     \u001b[90m 304 |\u001b[39m jest\u001b[33m.\u001b[39mmock(\u001b[32m'@/components/common/LoadingSpinner'\u001b[39m\u001b[33m,\u001b[39m () \u001b[33m=>\u001b[39m require(\u001b[32m'./__mocks__/LoadingSpinner.js'\u001b[39m)\u001b[33m,\u001b[39m { virtual\u001b[33m:\u001b[39m \u001b[36mtrue\u001b[39m })\u001b[33m;\u001b[39m\n    \u001b[31m\u001b[1m>\u001b[22m\u001b[39m\u001b[90m 305 |\u001b[39m jest\u001b[33m.\u001b[39mmock(\u001b[32m'@/utils/validation'\u001b[39m\u001b[33m,\u001b[39m () \u001b[33m=>\u001b[39m ({\n     \u001b[90m     |\u001b[39m      \u001b[31m\u001b[1m^\u001b[22m\u001b[39m\n     \u001b[90m 306 |\u001b[39m   validateLoginData\u001b[33m:\u001b[39m jest\u001b[33m.\u001b[39mfn()\u001b[33m.\u001b[39mmockReturnValue({ isValid\u001b[33m:\u001b[39m \u001b[36mtrue\u001b[39m\u001b[33m,\u001b[39m errors\u001b[33m:\u001b[39m {} })\n     \u001b[90m 307 |\u001b[39m })\u001b[33m,\u001b[39m { virtual\u001b[33m:\u001b[39m \u001b[36mtrue\u001b[39m })\u001b[33m;\u001b[39m\u001b[0m\n\n      at createNoMappedModuleFoundError (node_modules/jest-resolve/build/resolver.js:759:17)\n      at Object.mock (jest.setup.js:305:6)\n",
      "name": "C:\\Users\\olari\\Downloads\\healthcare-main\\healthcare-main\\src\\components\\auth\\Login.test.js",
      "startTime": 1742729546000,
      "status": "failed",
      "summary": ""
    },
    {
      "assertionResults": [],
      "coverage": {},
      "endTime": 1742729546000,
      "message": "  ● Test suite failed to run\n\n    Configuration error:\n\n    Could not locate module @/utils/validation mapped as:\n    [\n      \"C:\\\\Users\\\\olari\\\\Downloads\\\\healthcare-main\\\\src\\\\utils/validation\",\n      \"C:\\\\Users\\\\olari\\\\Downloads\\\\healthcare-main\\\\utils/validation\",\n      \"C:\\\\Users\\\\olari\\\\Downloads\\\\healthcare-main\\\\frontend\\\\utils/validation\"\n    ].\n\n    Please check your configuration for these entries:\n    {\n      \"moduleNameMapper\": {\n        \"/^@\\/(.*)$/\": \"[\n          \"C:\\\\Users\\\\olari\\\\Downloads\\\\healthcare-main\\\\src\\\\$1\",\n          \"C:\\\\Users\\\\olari\\\\Downloads\\\\healthcare-main\\\\$1\",\n          \"C:\\\\Users\\\\olari\\\\Downloads\\\\healthcare-main\\\\frontend\\\\$1\"\n        ]\"\n      },\n      \"resolver\": undefined\n    }\n\n    \u001b[0m \u001b[90m 303 |\u001b[39m jest\u001b[33m.\u001b[39mmock(\u001b[32m'@/contexts/AuthContext'\u001b[39m\u001b[33m,\u001b[39m () \u001b[33m=>\u001b[39m require(\u001b[32m'./__mocks__/auth-context.js'\u001b[39m)\u001b[33m,\u001b[39m { virtual\u001b[33m:\u001b[39m \u001b[36mtrue\u001b[39m })\u001b[33m;\u001b[39m\n     \u001b[90m 304 |\u001b[39m jest\u001b[33m.\u001b[39mmock(\u001b[32m'@/components/common/LoadingSpinner'\u001b[39m\u001b[33m,\u001b[39m () \u001b[33m=>\u001b[39m require(\u001b[32m'./__mocks__/LoadingSpinner.js'\u001b[39m)\u001b[33m,\u001b[39m { virtual\u001b[33m:\u001b[39m \u001b[36mtrue\u001b[39m })\u001b[33m;\u001b[39m\n    \u001b[31m\u001b[1m>\u001b[22m\u001b[39m\u001b[90m 305 |\u001b[39m jest\u001b[33m.\u001b[39mmock(\u001b[32m'@/utils/validation'\u001b[39m\u001b[33m,\u001b[39m () \u001b[33m=>\u001b[39m ({\n     \u001b[90m     |\u001b[39m      \u001b[31m\u001b[1m^\u001b[22m\u001b[39m\n     \u001b[90m 306 |\u001b[39m   validateLoginData\u001b[33m:\u001b[39m jest\u001b[33m.\u001b[39mfn()\u001b[33m.\u001b[39mmockReturnValue({ isValid\u001b[33m:\u001b[39m \u001b[36mtrue\u001b[39m\u001b[33m,\u001b[39m errors\u001b[33m:\u001b[39m {} })\n     \u001b[90m 307 |\u001b[39m })\u001b[33m,\u001b[39m { virtual\u001b[33m:\u001b[39m \u001b[36mtrue\u001b[39m })\u001b[33m;\u001b[39m\u001b[0m\n\n      at createNoMappedModuleFoundError (node_modules/jest-resolve/build/resolver.js:759:17)\n      at Object.mock (jest.setup.js:305:6)\n",
      "name": "C:\\Users\\olari\\Downloads\\healthcare-main\\healthcare-main\\frontend\\__tests__\\services\\api.test.ts",
      "startTime": 1742729546000,
      "status": "failed",
      "summary": ""
    },
    {
      "assertionResults": [],
      "coverage": {},
      "endTime": 1742729546000,
      "message": "  ● Test suite failed to run\n\n    Configuration error:\n\n    Could not locate module @/utils/validation mapped as:\n    [\n      \"C:\\\\Users\\\\olari\\\\Downloads\\\\healthcare-main\\\\src\\\\utils/validation\",\n      \"C:\\\\Users\\\\olari\\\\Downloads\\\\healthcare-main\\\\utils/validation\",\n      \"C:\\\\Users\\\\olari\\\\Downloads\\\\healthcare-main\\\\frontend\\\\utils/validation\"\n    ].\n\n    Please check your configuration for these entries:\n    {\n      \"moduleNameMapper\": {\n        \"/^@\\/(.*)$/\": \"[\n          \"C:\\\\Users\\\\olari\\\\Downloads\\\\healthcare-main\\\\src\\\\$1\",\n          \"C:\\\\Users\\\\olari\\\\Downloads\\\\healthcare-main\\\\$1\",\n          \"C:\\\\Users\\\\olari\\\\Downloads\\\\healthcare-main\\\\frontend\\\\$1\"\n        ]\"\n      },\n      \"resolver\": undefined\n    }\n\n    \u001b[0m \u001b[90m 303 |\u001b[39m jest\u001b[33m.\u001b[39mmock(\u001b[32m'@/contexts/AuthContext'\u001b[39m\u001b[33m,\u001b[39m () \u001b[33m=>\u001b[39m require(\u001b[32m'./__mocks__/auth-context.js'\u001b[39m)\u001b[33m,\u001b[39m { virtual\u001b[33m:\u001b[39m \u001b[36mtrue\u001b[39m })\u001b[33m;\u001b[39m\n     \u001b[90m 304 |\u001b[39m jest\u001b[33m.\u001b[39mmock(\u001b[32m'@/components/common/LoadingSpinner'\u001b[39m\u001b[33m,\u001b[39m () \u001b[33m=>\u001b[39m require(\u001b[32m'./__mocks__/LoadingSpinner.js'\u001b[39m)\u001b[33m,\u001b[39m { virtual\u001b[33m:\u001b[39m \u001b[36mtrue\u001b[39m })\u001b[33m;\u001b[39m\n    \u001b[31m\u001b[1m>\u001b[22m\u001b[39m\u001b[90m 305 |\u001b[39m jest\u001b[33m.\u001b[39mmock(\u001b[32m'@/utils/validation'\u001b[39m\u001b[33m,\u001b[39m () \u001b[33m=>\u001b[39m ({\n     \u001b[90m     |\u001b[39m      \u001b[31m\u001b[1m^\u001b[22m\u001b[39m\n     \u001b[90m 306 |\u001b[39m   validateLoginData\u001b[33m:\u001b[39m jest\u001b[33m.\u001b[39mfn()\u001b[33m.\u001b[39mmockReturnValue({ isValid\u001b[33m:\u001b[39m \u001b[36mtrue\u001b[39m\u001b[33m,\u001b[39m errors\u001b[33m:\u001b[39m {} })\n     \u001b[90m 307 |\u001b[39m })\u001b[33m,\u001b[39m { virtual\u001b[33m:\u001b[39m \u001b[36mtrue\u001b[39m })\u001b[33m;\u001b[39m\u001b[0m\n\n      at createNoMappedModuleFoundError (node_modules/jest-resolve/build/resolver.js:759:17)\n      at Object.mock (jest.setup.js:305:6)\n",
      "name": "C:\\Users\\olari\\Downloads\\healthcare-main\\healthcare-main\\frontend\\__tests__\\pages\\AppointmentReports.test.tsx",
      "startTime": 1742729546000,
      "status": "failed",
      "summary": ""
    },
    {
      "assertionResults": [],
      "coverage": {},
      "endTime": 1742729546000,
      "message": "  ● Test suite failed to run\n\n    Configuration error:\n\n    Could not locate module @/utils/validation mapped as:\n    [\n      \"C:\\\\Users\\\\olari\\\\Downloads\\\\healthcare-main\\\\src\\\\utils/validation\",\n      \"C:\\\\Users\\\\olari\\\\Downloads\\\\healthcare-main\\\\utils/validation\",\n      \"C:\\\\Users\\\\olari\\\\Downloads\\\\healthcare-main\\\\frontend\\\\utils/validation\"\n    ].\n\n    Please check your configuration for these entries:\n    {\n      \"moduleNameMapper\": {\n        \"/^@\\/(.*)$/\": \"[\n          \"C:\\\\Users\\\\olari\\\\Downloads\\\\healthcare-main\\\\src\\\\$1\",\n          \"C:\\\\Users\\\\olari\\\\Downloads\\\\healthcare-main\\\\$1\",\n          \"C:\\\\Users\\\\olari\\\\Downloads\\\\healthcare-main\\\\frontend\\\\$1\"\n        ]\"\n      },\n      \"resolver\": undefined\n    }\n\n    \u001b[0m \u001b[90m 303 |\u001b[39m jest\u001b[33m.\u001b[39mmock(\u001b[32m'@/contexts/AuthContext'\u001b[39m\u001b[33m,\u001b[39m () \u001b[33m=>\u001b[39m require(\u001b[32m'./__mocks__/auth-context.js'\u001b[39m)\u001b[33m,\u001b[39m { virtual\u001b[33m:\u001b[39m \u001b[36mtrue\u001b[39m })\u001b[33m;\u001b[39m\n     \u001b[90m 304 |\u001b[39m jest\u001b[33m.\u001b[39mmock(\u001b[32m'@/components/common/LoadingSpinner'\u001b[39m\u001b[33m,\u001b[39m () \u001b[33m=>\u001b[39m require(\u001b[32m'./__mocks__/LoadingSpinner.js'\u001b[39m)\u001b[33m,\u001b[39m { virtual\u001b[33m:\u001b[39m \u001b[36mtrue\u001b[39m })\u001b[33m;\u001b[39m\n    \u001b[31m\u001b[1m>\u001b[22m\u001b[39m\u001b[90m 305 |\u001b[39m jest\u001b[33m.\u001b[39mmock(\u001b[32m'@/utils/validation'\u001b[39m\u001b[33m,\u001b[39m () \u001b[33m=>\u001b[39m ({\n     \u001b[90m     |\u001b[39m      \u001b[31m\u001b[1m^\u001b[22m\u001b[39m\n     \u001b[90m 306 |\u001b[39m   validateLoginData\u001b[33m:\u001b[39m jest\u001b[33m.\u001b[39mfn()\u001b[33m.\u001b[39mmockReturnValue({ isValid\u001b[33m:\u001b[39m \u001b[36mtrue\u001b[39m\u001b[33m,\u001b[39m errors\u001b[33m:\u001b[39m {} })\n     \u001b[90m 307 |\u001b[39m })\u001b[33m,\u001b[39m { virtual\u001b[33m:\u001b[39m \u001b[36mtrue\u001b[39m })\u001b[33m;\u001b[39m\u001b[0m\n\n      at createNoMappedModuleFoundError (node_modules/jest-resolve/build/resolver.js:759:17)\n      at Object.mock (jest.setup.js:305:6)\n",
      "name": "C:\\Users\\olari\\Downloads\\healthcare-main\\frontend\\__tests__\\services\\api.test.ts",
      "startTime": 1742729546000,
      "status": "failed",
      "summary": ""
    },
    {
      "assertionResults": [],
      "coverage": {},
      "endTime": 1742729546000,
      "message": "  ● Test suite failed to run\n\n    Configuration error:\n\n    Could not locate module @/utils/validation mapped as:\n    [\n      \"C:\\\\Users\\\\olari\\\\Downloads\\\\healthcare-main\\\\src\\\\utils/validation\",\n      \"C:\\\\Users\\\\olari\\\\Downloads\\\\healthcare-main\\\\utils/validation\",\n      \"C:\\\\Users\\\\olari\\\\Downloads\\\\healthcare-main\\\\frontend\\\\utils/validation\"\n    ].\n\n    Please check your configuration for these entries:\n    {\n      \"moduleNameMapper\": {\n        \"/^@\\/(.*)$/\": \"[\n          \"C:\\\\Users\\\\olari\\\\Downloads\\\\healthcare-main\\\\src\\\\$1\",\n          \"C:\\\\Users\\\\olari\\\\Downloads\\\\healthcare-main\\\\$1\",\n          \"C:\\\\Users\\\\olari\\\\Downloads\\\\healthcare-main\\\\frontend\\\\$1\"\n        ]\"\n      },\n      \"resolver\": undefined\n    }\n\n    \u001b[0m \u001b[90m 303 |\u001b[39m jest\u001b[33m.\u001b[39mmock(\u001b[32m'@/contexts/AuthContext'\u001b[39m\u001b[33m,\u001b[39m () \u001b[33m=>\u001b[39m require(\u001b[32m'./__mocks__/auth-context.js'\u001b[39m)\u001b[33m,\u001b[39m { virtual\u001b[33m:\u001b[39m \u001b[36mtrue\u001b[39m })\u001b[33m;\u001b[39m\n     \u001b[90m 304 |\u001b[39m jest\u001b[33m.\u001b[39mmock(\u001b[32m'@/components/common/LoadingSpinner'\u001b[39m\u001b[33m,\u001b[39m () \u001b[33m=>\u001b[39m require(\u001b[32m'./__mocks__/LoadingSpinner.js'\u001b[39m)\u001b[33m,\u001b[39m { virtual\u001b[33m:\u001b[39m \u001b[36mtrue\u001b[39m })\u001b[33m;\u001b[39m\n    \u001b[31m\u001b[1m>\u001b[22m\u001b[39m\u001b[90m 305 |\u001b[39m jest\u001b[33m.\u001b[39mmock(\u001b[32m'@/utils/validation'\u001b[39m\u001b[33m,\u001b[39m () \u001b[33m=>\u001b[39m ({\n     \u001b[90m     |\u001b[39m      \u001b[31m\u001b[1m^\u001b[22m\u001b[39m\n     \u001b[90m 306 |\u001b[39m   validateLoginData\u001b[33m:\u001b[39m jest\u001b[33m.\u001b[39mfn()\u001b[33m.\u001b[39mmockReturnValue({ isValid\u001b[33m:\u001b[39m \u001b[36mtrue\u001b[39m\u001b[33m,\u001b[39m errors\u001b[33m:\u001b[39m {} })\n     \u001b[90m 307 |\u001b[39m })\u001b[33m,\u001b[39m { virtual\u001b[33m:\u001b[39m \u001b[36mtrue\u001b[39m })\u001b[33m;\u001b[39m\u001b[0m\n\n      at createNoMappedModuleFoundError (node_modules/jest-resolve/build/resolver.js:759:17)\n      at Object.mock (jest.setup.js:305:6)\n",
      "name": "C:\\Users\\olari\\Downloads\\healthcare-main\\frontend\\__tests__\\pages\\AppointmentReports.test.tsx",
      "startTime": 1742729546000,
      "status": "failed",
      "summary": ""
    },
    {
      "assertionResults": [],
      "coverage": {},
      "endTime": 1742729546000,
      "message": "  ● Test suite failed to run\n\n    Configuration error:\n\n    Could not locate module @/utils/validation mapped as:\n    [\n      \"C:\\\\Users\\\\olari\\\\Downloads\\\\healthcare-main\\\\src\\\\utils/validation\",\n      \"C:\\\\Users\\\\olari\\\\Downloads\\\\healthcare-main\\\\utils/validation\",\n      \"C:\\\\Users\\\\olari\\\\Downloads\\\\healthcare-main\\\\frontend\\\\utils/validation\"\n    ].\n\n    Please check your configuration for these entries:\n    {\n      \"moduleNameMapper\": {\n        \"/^@\\/(.*)$/\": \"[\n          \"C:\\\\Users\\\\olari\\\\Downloads\\\\healthcare-main\\\\src\\\\$1\",\n          \"C:\\\\Users\\\\olari\\\\Downloads\\\\healthcare-main\\\\$1\",\n          \"C:\\\\Users\\\\olari\\\\Downloads\\\\healthcare-main\\\\frontend\\\\$1\"\n        ]\"\n      },\n      \"resolver\": undefined\n    }\n\n    \u001b[0m \u001b[90m 303 |\u001b[39m jest\u001b[33m.\u001b[39mmock(\u001b[32m'@/contexts/AuthContext'\u001b[39m\u001b[33m,\u001b[39m () \u001b[33m=>\u001b[39m require(\u001b[32m'./__mocks__/auth-context.js'\u001b[39m)\u001b[33m,\u001b[39m { virtual\u001b[33m:\u001b[39m \u001b[36mtrue\u001b[39m })\u001b[33m;\u001b[39m\n     \u001b[90m 304 |\u001b[39m jest\u001b[33m.\u001b[39mmock(\u001b[32m'@/components/common/LoadingSpinner'\u001b[39m\u001b[33m,\u001b[39m () \u001b[33m=>\u001b[39m require(\u001b[32m'./__mocks__/LoadingSpinner.js'\u001b[39m)\u001b[33m,\u001b[39m { virtual\u001b[33m:\u001b[39m \u001b[36mtrue\u001b[39m })\u001b[33m;\u001b[39m\n    \u001b[31m\u001b[1m>\u001b[22m\u001b[39m\u001b[90m 305 |\u001b[39m jest\u001b[33m.\u001b[39mmock(\u001b[32m'@/utils/validation'\u001b[39m\u001b[33m,\u001b[39m () \u001b[33m=>\u001b[39m ({\n     \u001b[90m     |\u001b[39m      \u001b[31m\u001b[1m^\u001b[22m\u001b[39m\n     \u001b[90m 306 |\u001b[39m   validateLoginData\u001b[33m:\u001b[39m jest\u001b[33m.\u001b[39mfn()\u001b[33m.\u001b[39mmockReturnValue({ isValid\u001b[33m:\u001b[39m \u001b[36mtrue\u001b[39m\u001b[33m,\u001b[39m errors\u001b[33m:\u001b[39m {} })\n     \u001b[90m 307 |\u001b[39m })\u001b[33m,\u001b[39m { virtual\u001b[33m:\u001b[39m \u001b[36mtrue\u001b[39m })\u001b[33m;\u001b[39m\u001b[0m\n\n      at createNoMappedModuleFoundError (node_modules/jest-resolve/build/resolver.js:759:17)\n      at Object.mock (jest.setup.js:305:6)\n",
      "name": "C:\\Users\\olari\\Downloads\\healthcare-main\\src\\components\\auth\\Login.test.js",
      "startTime": 1742729546000,
      "status": "failed",
      "summary": ""
    },
    {
      "assertionResults": [],
      "coverage": {},
      "endTime": 1742729546000,
      "message": "  ● Test suite failed to run\n\n    Configuration error:\n\n    Could not locate module @/utils/validation mapped as:\n    [\n      \"C:\\\\Users\\\\olari\\\\Downloads\\\\healthcare-main\\\\src\\\\utils/validation\",\n      \"C:\\\\Users\\\\olari\\\\Downloads\\\\healthcare-main\\\\utils/validation\",\n      \"C:\\\\Users\\\\olari\\\\Downloads\\\\healthcare-main\\\\frontend\\\\utils/validation\"\n    ].\n\n    Please check your configuration for these entries:\n    {\n      \"moduleNameMapper\": {\n        \"/^@\\/(.*)$/\": \"[\n          \"C:\\\\Users\\\\olari\\\\Downloads\\\\healthcare-main\\\\src\\\\$1\",\n          \"C:\\\\Users\\\\olari\\\\Downloads\\\\healthcare-main\\\\$1\",\n          \"C:\\\\Users\\\\olari\\\\Downloads\\\\healthcare-main\\\\frontend\\\\$1\"\n        ]\"\n      },\n      \"resolver\": undefined\n    }\n\n    \u001b[0m \u001b[90m 303 |\u001b[39m jest\u001b[33m.\u001b[39mmock(\u001b[32m'@/contexts/AuthContext'\u001b[39m\u001b[33m,\u001b[39m () \u001b[33m=>\u001b[39m require(\u001b[32m'./__mocks__/auth-context.js'\u001b[39m)\u001b[33m,\u001b[39m { virtual\u001b[33m:\u001b[39m \u001b[36mtrue\u001b[39m })\u001b[33m;\u001b[39m\n     \u001b[90m 304 |\u001b[39m jest\u001b[33m.\u001b[39mmock(\u001b[32m'@/components/common/LoadingSpinner'\u001b[39m\u001b[33m,\u001b[39m () \u001b[33m=>\u001b[39m require(\u001b[32m'./__mocks__/LoadingSpinner.js'\u001b[39m)\u001b[33m,\u001b[39m { virtual\u001b[33m:\u001b[39m \u001b[36mtrue\u001b[39m })\u001b[33m;\u001b[39m\n    \u001b[31m\u001b[1m>\u001b[22m\u001b[39m\u001b[90m 305 |\u001b[39m jest\u001b[33m.\u001b[39mmock(\u001b[32m'@/utils/validation'\u001b[39m\u001b[33m,\u001b[39m () \u001b[33m=>\u001b[39m ({\n     \u001b[90m     |\u001b[39m      \u001b[31m\u001b[1m^\u001b[22m\u001b[39m\n     \u001b[90m 306 |\u001b[39m   validateLoginData\u001b[33m:\u001b[39m jest\u001b[33m.\u001b[39mfn()\u001b[33m.\u001b[39mmockReturnValue({ isValid\u001b[33m:\u001b[39m \u001b[36mtrue\u001b[39m\u001b[33m,\u001b[39m errors\u001b[33m:\u001b[39m {} })\n     \u001b[90m 307 |\u001b[39m })\u001b[33m,\u001b[39m { virtual\u001b[33m:\u001b[39m \u001b[36mtrue\u001b[39m })\u001b[33m;\u001b[39m\u001b[0m\n\n      at createNoMappedModuleFoundError (node_modules/jest-resolve/build/resolver.js:759:17)\n      at Object.mock (jest.setup.js:305:6)\n",
      "name": "C:\\Users\\olari\\Downloads\\healthcare-main\\healthcare-main\\src\\tests\\auth.test.js",
      "startTime": 1742729546000,
      "status": "failed",
      "summary": ""
    },
    {
      "assertionResults": [],
      "coverage": {},
      "endTime": 1742729546000,
      "message": "  ● Test suite failed to run\n\n    Configuration error:\n\n    Could not locate module @/utils/validation mapped as:\n    [\n      \"C:\\\\Users\\\\olari\\\\Downloads\\\\healthcare-main\\\\src\\\\utils/validation\",\n      \"C:\\\\Users\\\\olari\\\\Downloads\\\\healthcare-main\\\\utils/validation\",\n      \"C:\\\\Users\\\\olari\\\\Downloads\\\\healthcare-main\\\\frontend\\\\utils/validation\"\n    ].\n\n    Please check your configuration for these entries:\n    {\n      \"moduleNameMapper\": {\n        \"/^@\\/(.*)$/\": \"[\n          \"C:\\\\Users\\\\olari\\\\Downloads\\\\healthcare-main\\\\src\\\\$1\",\n          \"C:\\\\Users\\\\olari\\\\Downloads\\\\healthcare-main\\\\$1\",\n          \"C:\\\\Users\\\\olari\\\\Downloads\\\\healthcare-main\\\\frontend\\\\$1\"\n        ]\"\n      },\n      \"resolver\": undefined\n    }\n\n    \u001b[0m \u001b[90m 303 |\u001b[39m jest\u001b[33m.\u001b[39mmock(\u001b[32m'@/contexts/AuthContext'\u001b[39m\u001b[33m,\u001b[39m () \u001b[33m=>\u001b[39m require(\u001b[32m'./__mocks__/auth-context.js'\u001b[39m)\u001b[33m,\u001b[39m { virtual\u001b[33m:\u001b[39m \u001b[36mtrue\u001b[39m })\u001b[33m;\u001b[39m\n     \u001b[90m 304 |\u001b[39m jest\u001b[33m.\u001b[39mmock(\u001b[32m'@/components/common/LoadingSpinner'\u001b[39m\u001b[33m,\u001b[39m () \u001b[33m=>\u001b[39m require(\u001b[32m'./__mocks__/LoadingSpinner.js'\u001b[39m)\u001b[33m,\u001b[39m { virtual\u001b[33m:\u001b[39m \u001b[36mtrue\u001b[39m })\u001b[33m;\u001b[39m\n    \u001b[31m\u001b[1m>\u001b[22m\u001b[39m\u001b[90m 305 |\u001b[39m jest\u001b[33m.\u001b[39mmock(\u001b[32m'@/utils/validation'\u001b[39m\u001b[33m,\u001b[39m () \u001b[33m=>\u001b[39m ({\n     \u001b[90m     |\u001b[39m      \u001b[31m\u001b[1m^\u001b[22m\u001b[39m\n     \u001b[90m 306 |\u001b[39m   validateLoginData\u001b[33m:\u001b[39m jest\u001b[33m.\u001b[39mfn()\u001b[33m.\u001b[39mmockReturnValue({ isValid\u001b[33m:\u001b[39m \u001b[36mtrue\u001b[39m\u001b[33m,\u001b[39m errors\u001b[33m:\u001b[39m {} })\n     \u001b[90m 307 |\u001b[39m })\u001b[33m,\u001b[39m { virtual\u001b[33m:\u001b[39m \u001b[36mtrue\u001b[39m })\u001b[33m;\u001b[39m\u001b[0m\n\n      at createNoMappedModuleFoundError (node_modules/jest-resolve/build/resolver.js:759:17)\n      at Object.mock (jest.setup.js:305:6)\n",
      "name": "C:\\Users\\olari\\Downloads\\healthcare-main\\healthcare-main\\backend\\tests\\reports.test.js",
      "startTime": 1742729546000,
      "status": "failed",
      "summary": ""
    },
    {
      "assertionResults": [],
      "coverage": {},
      "endTime": 1742729546000,
      "message": "  ● Test suite failed to run\n\n    Configuration error:\n\n    Could not locate module @/utils/validation mapped as:\n    [\n      \"C:\\\\Users\\\\olari\\\\Downloads\\\\healthcare-main\\\\src\\\\utils/validation\",\n      \"C:\\\\Users\\\\olari\\\\Downloads\\\\healthcare-main\\\\utils/validation\",\n      \"C:\\\\Users\\\\olari\\\\Downloads\\\\healthcare-main\\\\frontend\\\\utils/validation\"\n    ].\n\n    Please check your configuration for these entries:\n    {\n      \"moduleNameMapper\": {\n        \"/^@\\/(.*)$/\": \"[\n          \"C:\\\\Users\\\\olari\\\\Downloads\\\\healthcare-main\\\\src\\\\$1\",\n          \"C:\\\\Users\\\\olari\\\\Downloads\\\\healthcare-main\\\\$1\",\n          \"C:\\\\Users\\\\olari\\\\Downloads\\\\healthcare-main\\\\frontend\\\\$1\"\n        ]\"\n      },\n      \"resolver\": undefined\n    }\n\n    \u001b[0m \u001b[90m 303 |\u001b[39m jest\u001b[33m.\u001b[39mmock(\u001b[32m'@/contexts/AuthContext'\u001b[39m\u001b[33m,\u001b[39m () \u001b[33m=>\u001b[39m require(\u001b[32m'./__mocks__/auth-context.js'\u001b[39m)\u001b[33m,\u001b[39m { virtual\u001b[33m:\u001b[39m \u001b[36mtrue\u001b[39m })\u001b[33m;\u001b[39m\n     \u001b[90m 304 |\u001b[39m jest\u001b[33m.\u001b[39mmock(\u001b[32m'@/components/common/LoadingSpinner'\u001b[39m\u001b[33m,\u001b[39m () \u001b[33m=>\u001b[39m require(\u001b[32m'./__mocks__/LoadingSpinner.js'\u001b[39m)\u001b[33m,\u001b[39m { virtual\u001b[33m:\u001b[39m \u001b[36mtrue\u001b[39m })\u001b[33m;\u001b[39m\n    \u001b[31m\u001b[1m>\u001b[22m\u001b[39m\u001b[90m 305 |\u001b[39m jest\u001b[33m.\u001b[39mmock(\u001b[32m'@/utils/validation'\u001b[39m\u001b[33m,\u001b[39m () \u001b[33m=>\u001b[39m ({\n     \u001b[90m     |\u001b[39m      \u001b[31m\u001b[1m^\u001b[22m\u001b[39m\n     \u001b[90m 306 |\u001b[39m   validateLoginData\u001b[33m:\u001b[39m jest\u001b[33m.\u001b[39mfn()\u001b[33m.\u001b[39mmockReturnValue({ isValid\u001b[33m:\u001b[39m \u001b[36mtrue\u001b[39m\u001b[33m,\u001b[39m errors\u001b[33m:\u001b[39m {} })\n     \u001b[90m 307 |\u001b[39m })\u001b[33m,\u001b[39m { virtual\u001b[33m:\u001b[39m \u001b[36mtrue\u001b[39m })\u001b[33m;\u001b[39m\u001b[0m\n\n      at createNoMappedModuleFoundError (node_modules/jest-resolve/build/resolver.js:759:17)\n      at Object.mock (jest.setup.js:305:6)\n",
      "name": "C:\\Users\\olari\\Downloads\\healthcare-main\\healthcare-main\\backend\\tests\\reportRoutes.test.js",
      "startTime": 1742729546000,
      "status": "failed",
      "summary": ""
    },
    {
      "assertionResults": [],
      "coverage": {},
      "endTime": 1742729546000,
      "message": "  ● Test suite failed to run\n\n    Configuration error:\n\n    Could not locate module @/utils/validation mapped as:\n    [\n      \"C:\\\\Users\\\\olari\\\\Downloads\\\\healthcare-main\\\\src\\\\utils/validation\",\n      \"C:\\\\Users\\\\olari\\\\Downloads\\\\healthcare-main\\\\utils/validation\",\n      \"C:\\\\Users\\\\olari\\\\Downloads\\\\healthcare-main\\\\frontend\\\\utils/validation\"\n    ].\n\n    Please check your configuration for these entries:\n    {\n      \"moduleNameMapper\": {\n        \"/^@\\/(.*)$/\": \"[\n          \"C:\\\\Users\\\\olari\\\\Downloads\\\\healthcare-main\\\\src\\\\$1\",\n          \"C:\\\\Users\\\\olari\\\\Downloads\\\\healthcare-main\\\\$1\",\n          \"C:\\\\Users\\\\olari\\\\Downloads\\\\healthcare-main\\\\frontend\\\\$1\"\n        ]\"\n      },\n      \"resolver\": undefined\n    }\n\n    \u001b[0m \u001b[90m 303 |\u001b[39m jest\u001b[33m.\u001b[39mmock(\u001b[32m'@/contexts/AuthContext'\u001b[39m\u001b[33m,\u001b[39m () \u001b[33m=>\u001b[39m require(\u001b[32m'./__mocks__/auth-context.js'\u001b[39m)\u001b[33m,\u001b[39m { virtual\u001b[33m:\u001b[39m \u001b[36mtrue\u001b[39m })\u001b[33m;\u001b[39m\n     \u001b[90m 304 |\u001b[39m jest\u001b[33m.\u001b[39mmock(\u001b[32m'@/components/common/LoadingSpinner'\u001b[39m\u001b[33m,\u001b[39m () \u001b[33m=>\u001b[39m require(\u001b[32m'./__mocks__/LoadingSpinner.js'\u001b[39m)\u001b[33m,\u001b[39m { virtual\u001b[33m:\u001b[39m \u001b[36mtrue\u001b[39m })\u001b[33m;\u001b[39m\n    \u001b[31m\u001b[1m>\u001b[22m\u001b[39m\u001b[90m 305 |\u001b[39m jest\u001b[33m.\u001b[39mmock(\u001b[32m'@/utils/validation'\u001b[39m\u001b[33m,\u001b[39m () \u001b[33m=>\u001b[39m ({\n     \u001b[90m     |\u001b[39m      \u001b[31m\u001b[1m^\u001b[22m\u001b[39m\n     \u001b[90m 306 |\u001b[39m   validateLoginData\u001b[33m:\u001b[39m jest\u001b[33m.\u001b[39mfn()\u001b[33m.\u001b[39mmockReturnValue({ isValid\u001b[33m:\u001b[39m \u001b[36mtrue\u001b[39m\u001b[33m,\u001b[39m errors\u001b[33m:\u001b[39m {} })\n     \u001b[90m 307 |\u001b[39m })\u001b[33m,\u001b[39m { virtual\u001b[33m:\u001b[39m \u001b[36mtrue\u001b[39m })\u001b[33m;\u001b[39m\u001b[0m\n\n      at createNoMappedModuleFoundError (node_modules/jest-resolve/build/resolver.js:759:17)\n      at Object.mock (jest.setup.js:305:6)\n",
      "name": "C:\\Users\\olari\\Downloads\\healthcare-main\\healthcare-main\\backend\\tests\\reportModel.test.js",
      "startTime": 1742729546000,
      "status": "failed",
      "summary": ""
    },
    {
      "assertionResults": [],
      "coverage": {},
      "endTime": 1742729546000,
      "message": "  ● Test suite failed to run\n\n    Configuration error:\n\n    Could not locate module @/utils/validation mapped as:\n    [\n      \"C:\\\\Users\\\\olari\\\\Downloads\\\\healthcare-main\\\\src\\\\utils/validation\",\n      \"C:\\\\Users\\\\olari\\\\Downloads\\\\healthcare-main\\\\utils/validation\",\n      \"C:\\\\Users\\\\olari\\\\Downloads\\\\healthcare-main\\\\frontend\\\\utils/validation\"\n    ].\n\n    Please check your configuration for these entries:\n    {\n      \"moduleNameMapper\": {\n        \"/^@\\/(.*)$/\": \"[\n          \"C:\\\\Users\\\\olari\\\\Downloads\\\\healthcare-main\\\\src\\\\$1\",\n          \"C:\\\\Users\\\\olari\\\\Downloads\\\\healthcare-main\\\\$1\",\n          \"C:\\\\Users\\\\olari\\\\Downloads\\\\healthcare-main\\\\frontend\\\\$1\"\n        ]\"\n      },\n      \"resolver\": undefined\n    }\n\n    \u001b[0m \u001b[90m 303 |\u001b[39m jest\u001b[33m.\u001b[39mmock(\u001b[32m'@/contexts/AuthContext'\u001b[39m\u001b[33m,\u001b[39m () \u001b[33m=>\u001b[39m require(\u001b[32m'./__mocks__/auth-context.js'\u001b[39m)\u001b[33m,\u001b[39m { virtual\u001b[33m:\u001b[39m \u001b[36mtrue\u001b[39m })\u001b[33m;\u001b[39m\n     \u001b[90m 304 |\u001b[39m jest\u001b[33m.\u001b[39mmock(\u001b[32m'@/components/common/LoadingSpinner'\u001b[39m\u001b[33m,\u001b[39m () \u001b[33m=>\u001b[39m require(\u001b[32m'./__mocks__/LoadingSpinner.js'\u001b[39m)\u001b[33m,\u001b[39m { virtual\u001b[33m:\u001b[39m \u001b[36mtrue\u001b[39m })\u001b[33m;\u001b[39m\n    \u001b[31m\u001b[1m>\u001b[22m\u001b[39m\u001b[90m 305 |\u001b[39m jest\u001b[33m.\u001b[39mmock(\u001b[32m'@/utils/validation'\u001b[39m\u001b[33m,\u001b[39m () \u001b[33m=>\u001b[39m ({\n     \u001b[90m     |\u001b[39m      \u001b[31m\u001b[1m^\u001b[22m\u001b[39m\n     \u001b[90m 306 |\u001b[39m   validateLoginData\u001b[33m:\u001b[39m jest\u001b[33m.\u001b[39mfn()\u001b[33m.\u001b[39mmockReturnValue({ isValid\u001b[33m:\u001b[39m \u001b[36mtrue\u001b[39m\u001b[33m,\u001b[39m errors\u001b[33m:\u001b[39m {} })\n     \u001b[90m 307 |\u001b[39m })\u001b[33m,\u001b[39m { virtual\u001b[33m:\u001b[39m \u001b[36mtrue\u001b[39m })\u001b[33m;\u001b[39m\u001b[0m\n\n      at createNoMappedModuleFoundError (node_modules/jest-resolve/build/resolver.js:759:17)\n      at Object.mock (jest.setup.js:305:6)\n",
      "name": "C:\\Users\\olari\\Downloads\\healthcare-main\\healthcare-main\\backend\\tests\\api.test.js",
      "startTime": 1742729546000,
      "status": "failed",
      "summary": ""
    },
    {
      "assertionResults": [],
      "coverage": {},
      "endTime": 1742729546005,
      "message": "  ● Test suite failed to run\n\n    Configuration error:\n\n    Could not locate module @/utils/validation mapped as:\n    [\n      \"C:\\\\Users\\\\olari\\\\Downloads\\\\healthcare-main\\\\src\\\\utils/validation\",\n      \"C:\\\\Users\\\\olari\\\\Downloads\\\\healthcare-main\\\\utils/validation\",\n      \"C:\\\\Users\\\\olari\\\\Downloads\\\\healthcare-main\\\\frontend\\\\utils/validation\"\n    ].\n\n    Please check your configuration for these entries:\n    {\n      \"moduleNameMapper\": {\n        \"/^@\\/(.*)$/\": \"[\n          \"C:\\\\Users\\\\olari\\\\Downloads\\\\healthcare-main\\\\src\\\\$1\",\n          \"C:\\\\Users\\\\olari\\\\Downloads\\\\healthcare-main\\\\$1\",\n          \"C:\\\\Users\\\\olari\\\\Downloads\\\\healthcare-main\\\\frontend\\\\$1\"\n        ]\"\n      },\n      \"resolver\": undefined\n    }\n\n    \u001b[0m \u001b[90m 303 |\u001b[39m jest\u001b[33m.\u001b[39mmock(\u001b[32m'@/contexts/AuthContext'\u001b[39m\u001b[33m,\u001b[39m () \u001b[33m=>\u001b[39m require(\u001b[32m'./__mocks__/auth-context.js'\u001b[39m)\u001b[33m,\u001b[39m { virtual\u001b[33m:\u001b[39m \u001b[36mtrue\u001b[39m })\u001b[33m;\u001b[39m\n     \u001b[90m 304 |\u001b[39m jest\u001b[33m.\u001b[39mmock(\u001b[32m'@/components/common/LoadingSpinner'\u001b[39m\u001b[33m,\u001b[39m () \u001b[33m=>\u001b[39m require(\u001b[32m'./__mocks__/LoadingSpinner.js'\u001b[39m)\u001b[33m,\u001b[39m { virtual\u001b[33m:\u001b[39m \u001b[36mtrue\u001b[39m })\u001b[33m;\u001b[39m\n    \u001b[31m\u001b[1m>\u001b[22m\u001b[39m\u001b[90m 305 |\u001b[39m jest\u001b[33m.\u001b[39mmock(\u001b[32m'@/utils/validation'\u001b[39m\u001b[33m,\u001b[39m () \u001b[33m=>\u001b[39m ({\n     \u001b[90m     |\u001b[39m      \u001b[31m\u001b[1m^\u001b[22m\u001b[39m\n     \u001b[90m 306 |\u001b[39m   validateLoginData\u001b[33m:\u001b[39m jest\u001b[33m.\u001b[39mfn()\u001b[33m.\u001b[39mmockReturnValue({ isValid\u001b[33m:\u001b[39m \u001b[36mtrue\u001b[39m\u001b[33m,\u001b[39m errors\u001b[33m:\u001b[39m {} })\n     \u001b[90m 307 |\u001b[39m })\u001b[33m,\u001b[39m { virtual\u001b[33m:\u001b[39m \u001b[36mtrue\u001b[39m })\u001b[33m;\u001b[39m\u001b[0m\n\n      at createNoMappedModuleFoundError (node_modules/jest-resolve/build/resolver.js:759:17)\n      at Object.mock (jest.setup.js:305:6)\n",
      "name": "C:\\Users\\olari\\Downloads\\healthcare-main\\healthcare-main\\backend\\routes\\test.ts",
      "startTime": 1742729546005,
      "status": "failed",
      "summary": ""
    },
    {
      "assertionResults": [],
      "coverage": {},
      "endTime": 1742729546005,
[...]
      "name": "C:\\Users\\olari\\Downloads\\healthcare-main\\__tests__\\setup.test.js",
      "startTime": 1742729546005,
      "status": "failed",
      "summary": ""
    },
    {
      "assertionResults": [],
      "coverage": {},
      "endTime": 1742729546005,
      "message": "  ● Test suite failed to run\n\n    Configuration error:\n\n    Could not locate module @/utils/validation mapped as:\n    [\n      \"C:\\\\Users\\\\olari\\\\Downloads\\\\healthcare-main\\\\src\\\\utils/validation\",\n      \"C:\\\\Users\\\\olari\\\\Downloads\\\\healthcare-main\\\\utils/validation\",\n      \"C:\\\\Users\\\\olari\\\\Downloads\\\\healthcare-main\\\\frontend\\\\utils/validation\"\n    ].\n\n    Please check your configuration for these entries:\n    {\n      \"moduleNameMapper\": {\n        \"/^@\\/(.*)$/\": \"[\n          \"C:\\\\Users\\\\olari\\\\Downloads\\\\healthcare-main\\\\src\\\\$1\",\n          \"C:\\\\Users\\\\olari\\\\Downloads\\\\healthcare-main\\\\$1\",\n          \"C:\\\\Users\\\\olari\\\\Downloads\\\\healthcare-main\\\\frontend\\\\$1\"\n        ]\"\n      },\n      \"resolver\": undefined\n    }\n\n    \u001b[0m \u001b[90m 303 |\u001b[39m jest\u001b[33m.\u001b[39mmock(\u001b[32m'@/contexts/AuthContext'\u001b[39m\u001b[33m,\u001b[39m () \u001b[33m=>\u001b[39m require(\u001b[32m'./__mocks__/auth-context.js'\u001b[39m)\u001b[33m,\u001b[39m { virtual\u001b[33m:\u001b[39m \u001b[36mtrue\u001b[39m })\u001b[33m;\u001b[39m\n     \u001b[90m 304 |\u001b[39m jest\u001b[33m.\u001b[39mmock(\u001b[32m'@/components/common/LoadingSpinner'\u001b[39m\u001b[33m,\u001b[39m () \u001b[33m=>\u001b[39m require(\u001b[32m'./__mocks__/LoadingSpinner.js'\u001b[39m)\u001b[33m,\u001b[39m { virtual\u001b[33m:\u001b[39m \u001b[36mtrue\u001b[39m })\u001b[33m;\u001b[39m\n    \u001b[31m\u001b[1m>\u001b[22m\u001b[39m\u001b[90m 305 |\u001b[39m jest\u001b[33m.\u001b[39mmock(\u001b[32m'@/utils/validation'\u001b[39m\u001b[33m,\u001b[39m () \u001b[33m=>\u001b[39m ({\n     \u001b[90m     |\u001b[39m      \u001b[31m\u001b[1m^\u001b[22m\u001b[39m\n     \u001b[90m 306 |\u001b[39m   validateLoginData\u001b[33m:\u001b[39m jest\u001b[33m.\u001b[39mfn()\u001b[33m.\u001b[39mmockReturnValue({ isValid\u001b[33m:\u001b[39m \u001b[36mtrue\u001b[39m\u001b[33m,\u001b[39m errors\u001b[33m:\u001b[39m {} })\n     \u001b[90m 307 |\u001b[39m })\u001b[33m,\u001b[39m { virtual\u001b[33m:\u001b[39m \u001b[36mtrue\u001b[39m })\u001b[33m;\u001b[39m\u001b[0m\n\n      at createNoMappedModuleFoundError (node_modules/jest-resolve/build/resolver.js:759:17)\n      at Object.mock (jest.setup.js:305:6)\n",
      "name": "C:\\Users\\olari\\Downloads\\healthcare-main\\__tests__\\auth.test.js",
      "startTime": 1742729546005,
      "status": "failed",
      "summary": ""
    },
    {
      "assertionResults": [],
      "coverage": {},
      "endTime": 1742729546005,
      "message": "  ● Test suite failed to run\n\n    Configuration error:\n\n    Could not locate module @/utils/validation mapped as:\n    [\n      \"C:\\\\Users\\\\olari\\\\Downloads\\\\healthcare-main\\\\src\\\\utils/validation\",\n      \"C:\\\\Users\\\\olari\\\\Downloads\\\\healthcare-main\\\\utils/validation\",\n      \"C:\\\\Users\\\\olari\\\\Downloads\\\\healthcare-main\\\\frontend\\\\utils/validation\"\n    ].\n\n    Please check your configuration for these entries:\n    {\n      \"moduleNameMapper\": {\n        \"/^@\\/(.*)$/\": \"[\n          \"C:\\\\Users\\\\olari\\\\Downloads\\\\healthcare-main\\\\src\\\\$1\",\n          \"C:\\\\Users\\\\olari\\\\Downloads\\\\healthcare-main\\\\$1\",\n          \"C:\\\\Users\\\\olari\\\\Downloads\\\\healthcare-main\\\\frontend\\\\$1\"\n        ]\"\n      },\n      \"resolver\": undefined\n    }\n\n    \u001b[0m \u001b[90m 303 |\u001b[39m jest\u001b[33m.\u001b[39mmock(\u001b[32m'@/contexts/AuthContext'\u001b[39m\u001b[33m,\u001b[39m () \u001b[33m=>\u001b[39m require(\u001b[32m'./__mocks__/auth-context.js'\u001b[39m)\u001b[33m,\u001b[39m { virtual\u001b[33m:\u001b[39m \u001b[36mtrue\u001b[39m })\u001b[33m;\u001b[39m\n     \u001b[90m 304 |\u001b[39m jest\u001b[33m.\u001b[39mmock(\u001b[32m'@/components/common/LoadingSpinner'\u001b[39m\u001b[33m,\u001b[39m () \u001b[33m=>\u001b[39m require(\u001b[32m'./__mocks__/LoadingSpinner.js'\u001b[39m)\u001b[33m,\u001b[39m { virtual\u001b[33m:\u001b[39m \u001b[36mtrue\u001b[39m })\u001b[33m;\u001b[39m\n    \u001b[31m\u001b[1m>\u001b[22m\u001b[39m\u001b[90m 305 |\u001b[39m jest\u001b[33m.\u001b[39mmock(\u001b[32m'@/utils/validation'\u001b[39m\u001b[33m,\u001b[39m () \u001b[33m=>\u001b[39m ({\n     \u001b[90m     |\u001b[39m      \u001b[31m\u001b[1m^\u001b[22m\u001b[39m\n     \u001b[90m 306 |\u001b[39m   validateLoginData\u001b[33m:\u001b[39m jest\u001b[33m.\u001b[39mfn()\u001b[33m.\u001b[39mmockReturnValue({ isValid\u001b[33m:\u001b[39m \u001b[36mtrue\u001b[39m\u001b[33m,\u001b[39m errors\u001b[33m:\u001b[39m {} })\n     \u001b[90m 307 |\u001b[39m })\u001b[33m,\u001b[39m { virtual\u001b[33m:\u001b[39m \u001b[36mtrue\u001b[39m })\u001b[33m;\u001b[39m\u001b[0m\n\n      at createNoMappedModuleFoundError (node_modules/jest-resolve/build/resolver.js:759:17)\n      at Object.mock (jest.setup.js:305:6)\n",
      "name": "C:\\Users\\olari\\Downloads\\healthcare-main\\__tests__\\api.test.js",
      "startTime": 1742729546005,
      "status": "failed",
      "summary": ""
    },
    {
      "assertionResults": [],
      "coverage": {},
      "endTime": 1742729546005,
      "message": "  ● Test suite failed to run\n\n    Configuration error:\n\n    Could not locate module @/utils/validation mapped as:\n    [\n      \"C:\\\\Users\\\\olari\\\\Downloads\\\\healthcare-main\\\\src\\\\utils/validation\",\n      \"C:\\\\Users\\\\olari\\\\Downloads\\\\healthcare-main\\\\utils/validation\",\n      \"C:\\\\Users\\\\olari\\\\Downloads\\\\healthcare-main\\\\frontend\\\\utils/validation\"\n    ].\n\n    Please check your configuration for these entries:\n    {\n      \"moduleNameMapper\": {\n        \"/^@\\/(.*)$/\": \"[\n          \"C:\\\\Users\\\\olari\\\\Downloads\\\\healthcare-main\\\\src\\\\$1\",\n          \"C:\\\\Users\\\\olari\\\\Downloads\\\\healthcare-main\\\\$1\",\n          \"C:\\\\Users\\\\olari\\\\Downloads\\\\healthcare-main\\\\frontend\\\\$1\"\n        ]\"\n      },\n      \"resolver\": undefined\n    }\n\n    \u001b[0m \u001b[90m 303 |\u001b[39m jest\u001b[33m.\u001b[39mmock(\u001b[32m'@/contexts/AuthContext'\u001b[39m\u001b[33m,\u001b[39m () \u001b[33m=>\u001b[39m require(\u001b[32m'./__mocks__/auth-context.js'\u001b[39m)\u001b[33m,\u001b[39m { virtual\u001b[33m:\u001b[39m \u001b[36mtrue\u001b[39m })\u001b[33m;\u001b[39m\n     \u001b[90m 304 |\u001b[39m jest\u001b[33m.\u001b[39mmock(\u001b[32m'@/components/common/LoadingSpinner'\u001b[39m\u001b[33m,\u001b[39m () \u001b[33m=>\u001b[39m require(\u001b[32m'./__mocks__/LoadingSpinner.js'\u001b[39m)\u001b[33m,\u001b[39m { virtual\u001b[33m:\u001b[39m \u001b[36mtrue\u001b[39m })\u001b[33m;\u001b[39m\n    \u001b[31m\u001b[1m>\u001b[22m\u001b[39m\u001b[90m 305 |\u001b[39m jest\u001b[33m.\u001b[39mmock(\u001b[32m'@/utils/validation'\u001b[39m\u001b[33m,\u001b[39m () \u001b[33m=>\u001b[39m ({\n     \u001b[90m     |\u001b[39m      \u001b[31m\u001b[1m^\u001b[22m\u001b[39m\n     \u001b[90m 306 |\u001b[39m   validateLoginData\u001b[33m:\u001b[39m jest\u001b[33m.\u001b[39mfn()\u001b[33m.\u001b[39mmockReturnValue({ isValid\u001b[33m:\u001b[39m \u001b[36mtrue\u001b[39m\u001b[33m,\u001b[39m errors\u001b[33m:\u001b[39m {} })\n     \u001b[90m 307 |\u001b[39m })\u001b[33m,\u001b[39m { virtual\u001b[33m:\u001b[39m \u001b[36mtrue\u001b[39m })\u001b[33m;\u001b[39m\u001b[0m\n\n      at createNoMappedModuleFoundError (node_modules/jest-resolve/build/resolver.js:759:17)\n      at Object.mock (jest.setup.js:305:6)\n",
      "name": "C:\\Users\\olari\\Downloads\\healthcare-main\\user-data.test.js",
      "startTime": 1742729546005,
      "status": "failed",
      "summary": ""
    },
    {
      "assertionResults": [],
      "coverage": {},
      "endTime": 1742729546005,
      "message": "  ● Test suite failed to run\n\n    Configuration error:\n\n    Could not locate module @/utils/validation mapped as:\n    [\n      \"C:\\\\Users\\\\olari\\\\Downloads\\\\healthcare-main\\\\src\\\\utils/validation\",\n      \"C:\\\\Users\\\\olari\\\\Downloads\\\\healthcare-main\\\\utils/validation\",\n      \"C:\\\\Users\\\\olari\\\\Downloads\\\\healthcare-main\\\\frontend\\\\utils/validation\"\n    ].\n\n    Please check your configuration for these entries:\n    {\n      \"moduleNameMapper\": {\n        \"/^@\\/(.*)$/\": \"[\n          \"C:\\\\Users\\\\olari\\\\Downloads\\\\healthcare-main\\\\src\\\\$1\",\n          \"C:\\\\Users\\\\olari\\\\Downloads\\\\healthcare-main\\\\$1\",\n          \"C:\\\\Users\\\\olari\\\\Downloads\\\\healthcare-main\\\\frontend\\\\$1\"\n        ]\"\n      },\n      \"resolver\": undefined\n    }\n\n    \u001b[0m \u001b[90m 303 |\u001b[39m jest\u001b[33m.\u001b[39mmock(\u001b[32m'@/contexts/AuthContext'\u001b[39m\u001b[33m,\u001b[39m () \u001b[33m=>\u001b[39m require(\u001b[32m'./__mocks__/auth-context.js'\u001b[39m)\u001b[33m,\u001b[39m { virtual\u001b[33m:\u001b[39m \u001b[36mtrue\u001b[39m })\u001b[33m;\u001b[39m\n     \u001b[90m 304 |\u001b[39m jest\u001b[33m.\u001b[39mmock(\u001b[32m'@/components/common/LoadingSpinner'\u001b[39m\u001b[33m,\u001b[39m () \u001b[33m=>\u001b[39m require(\u001b[32m'./__mocks__/LoadingSpinner.js'\u001b[39m)\u001b[33m,\u001b[39m { virtual\u001b[33m:\u001b[39m \u001b[36mtrue\u001b[39m })\u001b[33m;\u001b[39m\n    \u001b[31m\u001b[1m>\u001b[22m\u001b[39m\u001b[90m 305 |\u001b[39m jest\u001b[33m.\u001b[39mmock(\u001b[32m'@/utils/validation'\u001b[39m\u001b[33m,\u001b[39m () \u001b[33m=>\u001b[39m ({\n     \u001b[90m     |\u001b[39m      \u001b[31m\u001b[1m^\u001b[22m\u001b[39m\n     \u001b[90m 306 |\u001b[39m   validateLoginData\u001b[33m:\u001b[39m jest\u001b[33m.\u001b[39mfn()\u001b[33m.\u001b[39mmockReturnValue({ isValid\u001b[33m:\u001b[39m \u001b[36mtrue\u001b[39m\u001b[33m,\u001b[39m errors\u001b[33m:\u001b[39m {} })\n     \u001b[90m 307 |\u001b[39m })\u001b[33m,\u001b[39m { virtual\u001b[33m:\u001b[39m \u001b[36mtrue\u001b[39m })\u001b[33m;\u001b[39m\u001b[0m\n\n      at createNoMappedModuleFoundError (node_modules/jest-resolve/build/resolver.js:759:17)\n      at Object.mock (jest.setup.js:305:6)\n",
      "name": "C:\\Users\\olari\\Downloads\\healthcare-main\\standalone.test.js",
      "startTime": 1742729546005,
      "status": "failed",
      "summary": ""
    },
    {
      "assertionResults": [],
      "coverage": {},
      "endTime": 1742729546005,
      "message": "  ● Test suite failed to run\n\n    Configuration error:\n\n    Could not locate module @/utils/validation mapped as:\n    [\n      \"C:\\\\Users\\\\olari\\\\Downloads\\\\healthcare-main\\\\src\\\\utils/validation\",\n      \"C:\\\\Users\\\\olari\\\\Downloads\\\\healthcare-main\\\\utils/validation\",\n      \"C:\\\\Users\\\\olari\\\\Downloads\\\\healthcare-main\\\\frontend\\\\utils/validation\"\n    ].\n\n    Please check your configuration for these entries:\n    {\n      \"moduleNameMapper\": {\n        \"/^@\\/(.*)$/\": \"[\n          \"C:\\\\Users\\\\olari\\\\Downloads\\\\healthcare-main\\\\src\\\\$1\",\n          \"C:\\\\Users\\\\olari\\\\Downloads\\\\healthcare-main\\\\$1\",\n          \"C:\\\\Users\\\\olari\\\\Downloads\\\\healthcare-main\\\\frontend\\\\$1\"\n        ]\"\n      },\n      \"resolver\": undefined\n    }\n\n    \u001b[0m \u001b[90m 303 |\u001b[39m jest\u001b[33m.\u001b[39mmock(\u001b[32m'@/contexts/AuthContext'\u001b[39m\u001b[33m,\u001b[39m () \u001b[33m=>\u001b[39m require(\u001b[32m'./__mocks__/auth-context.js'\u001b[39m)\u001b[33m,\u001b[39m { virtual\u001b[33m:\u001b[39m \u001b[36mtrue\u001b[39m })\u001b[33m;\u001b[39m\n     \u001b[90m 304 |\u001b[39m jest\u001b[33m.\u001b[39mmock(\u001b[32m'@/components/common/LoadingSpinner'\u001b[39m\u001b[33m,\u001b[39m () \u001b[33m=>\u001b[39m require(\u001b[32m'./__mocks__/LoadingSpinner.js'\u001b[39m)\u001b[33m,\u001b[39m { virtual\u001b[33m:\u001b[39m \u001b[36mtrue\u001b[39m })\u001b[33m;\u001b[39m\n    \u001b[31m\u001b[1m>\u001b[22m\u001b[39m\u001b[90m 305 |\u001b[39m jest\u001b[33m.\u001b[39mmock(\u001b[32m'@/utils/validation'\u001b[39m\u001b[33m,\u001b[39m () \u001b[33m=>\u001b[39m ({\n     \u001b[90m     |\u001b[39m      \u001b[31m\u001b[1m^\u001b[22m\u001b[39m\n     \u001b[90m 306 |\u001b[39m   validateLoginData\u001b[33m:\u001b[39m jest\u001b[33m.\u001b[39mfn()\u001b[33m.\u001b[39mmockReturnValue({ isValid\u001b[33m:\u001b[39m \u001b[36mtrue\u001b[39m\u001b[33m,\u001b[39m errors\u001b[33m:\u001b[39m {} })\n     \u001b[90m 307 |\u001b[39m })\u001b[33m,\u001b[39m { virtual\u001b[33m:\u001b[39m \u001b[36mtrue\u001b[39m })\u001b[33m;\u001b[39m\u001b[0m\n\n      at createNoMappedModuleFoundError (node_modules/jest-resolve/build/resolver.js:759:17)\n      at Object.mock (jest.setup.js:305:6)\n",
      "name": "C:\\Users\\olari\\Downloads\\healthcare-main\\example.test.js",
      "startTime": 1742729546005,
      "status": "failed",
      "summary": ""
    },
    {
      "assertionResults": [],
      "coverage": {},
      "endTime": 1742729546005,
      "message": "  ● Test suite failed to run\n\n    Configuration error:\n\n    Could not locate module @/utils/validation mapped as:\n    [\n      \"C:\\\\Users\\\\olari\\\\Downloads\\\\healthcare-main\\\\src\\\\utils/validation\",\n      \"C:\\\\Users\\\\olari\\\\Downloads\\\\healthcare-main\\\\utils/validation\",\n      \"C:\\\\Users\\\\olari\\\\Downloads\\\\healthcare-main\\\\frontend\\\\utils/validation\"\n    ].\n\n    Please check your configuration for these entries:\n    {\n      \"moduleNameMapper\": {\n        \"/^@\\/(.*)$/\": \"[\n          \"C:\\\\Users\\\\olari\\\\Downloads\\\\healthcare-main\\\\src\\\\$1\",\n          \"C:\\\\Users\\\\olari\\\\Downloads\\\\healthcare-main\\\\$1\",\n          \"C:\\\\Users\\\\olari\\\\Downloads\\\\healthcare-main\\\\frontend\\\\$1\"\n        ]\"\n      },\n      \"resolver\": undefined\n    }\n\n    \u001b[0m \u001b[90m 303 |\u001b[39m jest\u001b[33m.\u001b[39mmock(\u001b[32m'@/contexts/AuthContext'\u001b[39m\u001b[33m,\u001b[39m () \u001b[33m=>\u001b[39m require(\u001b[32m'./__mocks__/auth-context.js'\u001b[39m)\u001b[33m,\u001b[39m { virtual\u001b[33m:\u001b[39m \u001b[36mtrue\u001b[39m })\u001b[33m;\u001b[39m\n     \u001b[90m 304 |\u001b[39m jest\u001b[33m.\u001b[39mmock(\u001b[32m'@/components/common/LoadingSpinner'\u001b[39m\u001b[33m,\u001b[39m () \u001b[33m=>\u001b[39m require(\u001b[32m'./__mocks__/LoadingSpinner.js'\u001b[39m)\u001b[33m,\u001b[39m { virtual\u001b[33m:\u001b[39m \u001b[36mtrue\u001b[39m })\u001b[33m;\u001b[39m\n    \u001b[31m\u001b[1m>\u001b[22m\u001b[39m\u001b[90m 305 |\u001b[39m jest\u001b[33m.\u001b[39mmock(\u001b[32m'@/utils/validation'\u001b[39m\u001b[33m,\u001b[39m () \u001b[33m=>\u001b[39m ({\n     \u001b[90m     |\u001b[39m      \u001b[31m\u001b[1m^\u001b[22m\u001b[39m\n     \u001b[90m 306 |\u001b[39m   validateLoginData\u001b[33m:\u001b[39m jest\u001b[33m.\u001b[39mfn()\u001b[33m.\u001b[39mmockReturnValue({ isValid\u001b[33m:\u001b[39m \u001b[36mtrue\u001b[39m\u001b[33m,\u001b[39m errors\u001b[33m:\u001b[39m {} })\n     \u001b[90m 307 |\u001b[39m })\u001b[33m,\u001b[39m { virtual\u001b[33m:\u001b[39m \u001b[36mtrue\u001b[39m })\u001b[33m;\u001b[39m\u001b[0m\n\n      at createNoMappedModuleFoundError (node_modules/jest-resolve/build/resolver.js:759:17)\n      at Object.mock (jest.setup.js:305:6)\n",
      "name": "C:\\Users\\olari\\Downloads\\healthcare-main\\example-react.test.js",
      "startTime": 1742729546005,
      "status": "failed",
      "summary": ""
    },
    {
      "assertionResults": [],
      "coverage": {},
      "endTime": 1742729546005,
      "message": "  ● Test suite failed to run\n\n    Configuration error:\n\n    Could not locate module @/utils/validation mapped as:\n    [\n      \"C:\\\\Users\\\\olari\\\\Downloads\\\\healthcare-main\\\\src\\\\utils/validation\",\n      \"C:\\\\Users\\\\olari\\\\Downloads\\\\healthcare-main\\\\utils/validation\",\n      \"C:\\\\Users\\\\olari\\\\Downloads\\\\healthcare-main\\\\frontend\\\\utils/validation\"\n    ].\n\n    Please check your configuration for these entries:\n    {\n      \"moduleNameMapper\": {\n        \"/^@\\/(.*)$/\": \"[\n          \"C:\\\\Users\\\\olari\\\\Downloads\\\\healthcare-main\\\\src\\\\$1\",\n          \"C:\\\\Users\\\\olari\\\\Downloads\\\\healthcare-main\\\\$1\",\n          \"C:\\\\Users\\\\olari\\\\Downloads\\\\healthcare-main\\\\frontend\\\\$1\"\n        ]\"\n      },\n      \"resolver\": undefined\n    }\n\n    \u001b[0m \u001b[90m 303 |\u001b[39m jest\u001b[33m.\u001b[39mmock(\u001b[32m'@/contexts/AuthContext'\u001b[39m\u001b[33m,\u001b[39m () \u001b[33m=>\u001b[39m require(\u001b[32m'./__mocks__/auth-context.js'\u001b[39m)\u001b[33m,\u001b[39m { virtual\u001b[33m:\u001b[39m \u001b[36mtrue\u001b[39m })\u001b[33m;\u001b[39m\n     \u001b[90m 304 |\u001b[39m jest\u001b[33m.\u001b[39mmock(\u001b[32m'@/components/common/LoadingSpinner'\u001b[39m\u001b[33m,\u001b[39m () \u001b[33m=>\u001b[39m require(\u001b[32m'./__mocks__/LoadingSpinner.js'\u001b[39m)\u001b[33m,\u001b[39m { virtual\u001b[33m:\u001b[39m \u001b[36mtrue\u001b[39m })\u001b[33m;\u001b[39m\n    \u001b[31m\u001b[1m>\u001b[22m\u001b[39m\u001b[90m 305 |\u001b[39m jest\u001b[33m.\u001b[39mmock(\u001b[32m'@/utils/validation'\u001b[39m\u001b[33m,\u001b[39m () \u001b[33m=>\u001b[39m ({\n     \u001b[90m     |\u001b[39m      \u001b[31m\u001b[1m^\u001b[22m\u001b[39m\n     \u001b[90m 306 |\u001b[39m   validateLoginData\u001b[33m:\u001b[39m jest\u001b[33m.\u001b[39mfn()\u001b[33m.\u001b[39mmockReturnValue({ isValid\u001b[33m:\u001b[39m \u001b[36mtrue\u001b[39m\u001b[33m,\u001b[39m errors\u001b[33m:\u001b[39m {} })\n     \u001b[90m 307 |\u001b[39m })\u001b[33m,\u001b[39m { virtual\u001b[33m:\u001b[39m \u001b[36mtrue\u001b[39m })\u001b[33m;\u001b[39m\u001b[0m\n\n      at createNoMappedModuleFoundError (node_modules/jest-resolve/build/resolver.js:759:17)\n      at Object.mock (jest.setup.js:305:6)\n",
      "name": "C:\\Users\\olari\\Downloads\\healthcare-main\\axios-mock.test.js",
      "startTime": 1742729546005,
      "status": "failed",
      "summary": ""
    }
  ],
  "wasInterrupted": false,
  "coverageMap": {}
}
