<?xml version="1.0" encoding="UTF-8"?>
<testsuites name="jest tests" tests="21" failures="0" errors="0" time="15.726">
  <testsuite name="Utility functions" errors="0" failures="0" skipped="0" timestamp="2025-03-23T18:05:57" time="14.066" tests="19">
    <testcase classname="Utility functions add adds two positive numbers" name="Utility functions add adds two positive numbers" time="0.008">
    </testcase>
    <testcase classname="Utility functions add adds a positive and a negative number" name="Utility functions add adds a positive and a negative number" time="0.006">
    </testcase>
    <testcase classname="Utility functions add adds two negative numbers" name="Utility functions add adds two negative numbers" time="0.002">
    </testcase>
    <testcase classname="Utility functions formatDate formats date correctly" name="Utility functions formatDate formats date correctly" time="0.007">
    </testcase>
    <testcase classname="Utility functions formatDate accepts string dates" name="Utility functions formatDate accepts string dates" time="0.007">
    </testcase>
    <testcase classname="Utility functions isValidEmail validates correct email" name="Utility functions isValidEmail validates correct email" time="0.007">
    </testcase>
    <testcase classname="Utility functions isValidEmail invalidates incorrect email missing @" name="Utility functions isValidEmail invalidates incorrect email missing @" time="0.005">
    </testcase>
    <testcase classname="Utility functions isValidEmail invalidates incorrect email missing domain" name="Utility functions isValidEmail invalidates incorrect email missing domain" time="0.001">
    </testcase>
    <testcase classname="Utility functions isValidEmail invalidates incorrect email with spaces" name="Utility functions isValidEmail invalidates incorrect email with spaces" time="0.008">
    </testcase>
    <testcase classname="Utility functions calculateAge calculates age correctly for birthday in past this year" name="Utility functions calculateAge calculates age correctly for birthday in past this year" time="0.002">
    </testcase>
    <testcase classname="Utility functions calculateAge calculates age correctly for birthday in future this year" name="Utility functions calculateAge calculates age correctly for birthday in future this year" time="0.001">
    </testcase>
    <testcase classname="Utility functions calculateAge calculates age correctly for today&apos;s birthday" name="Utility functions calculateAge calculates age correctly for today&apos;s birthday" time="0.001">
    </testcase>
    <testcase classname="Utility functions truncateText doesn&apos;t truncate text shorter than max length" name="Utility functions truncateText doesn&apos;t truncate text shorter than max length" time="0.001">
    </testcase>
    <testcase classname="Utility functions truncateText truncates text longer than max length" name="Utility functions truncateText truncates text longer than max length" time="0.001">
    </testcase>
    <testcase classname="Utility functions truncateText truncates text exactly at max length" name="Utility functions truncateText truncates text exactly at max length" time="0">
    </testcase>
    <testcase classname="Utility functions generateId generates ID with default length" name="Utility functions generateId generates ID with default length" time="0.005">
    </testcase>
    <testcase classname="Utility functions generateId generates ID with custom length" name="Utility functions generateId generates ID with custom length" time="0.003">
    </testcase>
    <testcase classname="Utility functions generateId generates different IDs on each call" name="Utility functions generateId generates different IDs on each call" time="0.002">
    </testcase>
    <testcase classname="Utility functions generateId generates IDs with only allowed characters" name="Utility functions generateId generates IDs with only allowed characters" time="0.004">
    </testcase>
  </testsuite>
  <testsuite name="Basic test" errors="0" failures="0" skipped="0" timestamp="2025-03-23T18:06:11" time="0.749" tests="2">
    <testcase classname="Basic test adds numbers correctly" name="Basic test adds numbers correctly" time="0.001">
    </testcase>
    <testcase classname="Basic test concatenates strings" name="Basic test concatenates strings" time="0.002">
    </testcase>
  </testsuite>
</testsuites>