{"C:\\Users\\olari\\Downloads\\healthcare-main\\__tests__\\helpers\\mongodb.setup.js": {"path":"C:\\Users\\olari\\Downloads\\healthcare-main\\__tests__\\helpers\\mongodb.setup.js","statementMap":{"0":{"start":{"line":1,"column":30},"end":{"line":1,"column":62}},"1":{"start":{"line":2,"column":17},"end":{"line":2,"column":36}},"2":{"start":{"line":4,"column":13},"end":{"line":4,"column":17}},"3":{"start":{"line":5,"column":21},"end":{"line":5,"column":25}},"4":{"start":{"line":11,"column":16},"end":{"line":116,"column":1}},"5":{"start":{"line":13,"column":2},"end":{"line":15,"column":3}},"6":{"start":{"line":14,"column":4},"end":{"line":14,"column":26}},"7":{"start":{"line":18,"column":2},"end":{"line":20,"column":3}},"8":{"start":{"line":19,"column":4},"end":{"line":19,"column":29}},"9":{"start":{"line":23,"column":2},"end":{"line":113,"column":5}},"10":{"start":{"line":24,"column":4},"end":{"line":109,"column":5}},"11":{"start":{"line":24,"column":23},"end":{"line":24,"column":24}},"12":{"start":{"line":25,"column":6},"end":{"line":108,"column":7}},"13":{"start":{"line":27,"column":18},"end":{"line":27,"column":80}},"14":{"start":{"line":30,"column":8},"end":{"line":38,"column":9}},"15":{"start":{"line":31,"column":10},"end":{"line":36,"column":11}},"16":{"start":{"line":32,"column":12},"end":{"line":32,"column":32}},"17":{"start":{"line":33,"column":12},"end":{"line":33,"column":66}},"18":{"start":{"line":35,"column":12},"end":{"line":35,"column":94}},"19":{"start":{"line":37,"column":10},"end":{"line":37,"column":24}},"20":{"start":{"line":40,"column":8},"end":{"line":63,"column":9}},"21":{"start":{"line":42,"column":10},"end":{"line":53,"column":13}},"22":{"start":{"line":55,"column":10},"end":{"line":55,"column":32}},"23":{"start":{"line":56,"column":10},"end":{"line":56,"column":80}},"24":{"start":{"line":58,"column":10},"end":{"line":61,"column":12}},"25":{"start":{"line":62,"column":10},"end":{"line":62,"column":31}},"26":{"start":{"line":66,"column":8},"end":{"line":73,"column":9}},"27":{"start":{"line":67,"column":10},"end":{"line":72,"column":11}},"28":{"start":{"line":68,"column":12},"end":{"line":68,"column":46}},"29":{"start":{"line":69,"column":12},"end":{"line":69,"column":62}},"30":{"start":{"line":71,"column":12},"end":{"line":71,"column":86}},"31":{"start":{"line":76,"column":29},"end":{"line":81,"column":9}},"32":{"start":{"line":84,"column":8},"end":{"line":84,"column":50}},"33":{"start":{"line":85,"column":8},"end":{"line":85,"column":57}},"34":{"start":{"line":88,"column":8},"end":{"line":90,"column":11}},"35":{"start":{"line":89,"column":10},"end":{"line":89,"column":56}},"36":{"start":{"line":93,"column":8},"end":{"line":93,"column":15}},"37":{"start":{"line":95,"column":8},"end":{"line":95,"column":75}},"38":{"start":{"line":98,"column":8},"end":{"line":102,"column":9}},"39":{"start":{"line":99,"column":10},"end":{"line":101,"column":12}},"40":{"start":{"line":105,"column":25},"end":{"line":105,"column":73}},"41":{"start":{"line":106,"column":8},"end":{"line":106,"column":61}},"42":{"start":{"line":107,"column":8},"end":{"line":107,"column":70}},"43":{"start":{"line":107,"column":39},"end":{"line":107,"column":68}},"44":{"start":{"line":112,"column":4},"end":{"line":112,"column":26}},"45":{"start":{"line":115,"column":2},"end":{"line":115,"column":24}},"46":{"start":{"line":121,"column":22},"end":{"line":173,"column":1}},"47":{"start":{"line":122,"column":2},"end":{"line":172,"column":3}},"48":{"start":{"line":124,"column":4},"end":{"line":140,"column":5}},"49":{"start":{"line":127,"column":25},"end":{"line":127,"column":92}},"50":{"start":{"line":129,"column":6},"end":{"line":137,"column":7}},"51":{"start":{"line":130,"column":8},"end":{"line":130,"column":83}},"52":{"start":{"line":131,"column":8},"end":{"line":136,"column":11}},"53":{"start":{"line":133,"column":35},"end":{"line":133,"column":72}},"54":{"start":{"line":135,"column":35},"end":{"line":135,"column":60}},"55":{"start":{"line":142,"column":4},"end":{"line":151,"column":5}},"56":{"start":{"line":143,"column":6},"end":{"line":147,"column":7}},"57":{"start":{"line":144,"column":8},"end":{"line":144,"column":49}},"58":{"start":{"line":146,"column":8},"end":{"line":146,"column":68}},"59":{"start":{"line":149,"column":6},"end":{"line":149,"column":44}},"60":{"start":{"line":150,"column":6},"end":{"line":150,"column":47}},"61":{"start":{"line":153,"column":4},"end":{"line":157,"column":5}},"62":{"start":{"line":154,"column":6},"end":{"line":154,"column":58}},"63":{"start":{"line":155,"column":6},"end":{"line":155,"column":51}},"64":{"start":{"line":156,"column":6},"end":{"line":156,"column":20}},"65":{"start":{"line":159,"column":4},"end":{"line":159,"column":51}},"66":{"start":{"line":162,"column":4},"end":{"line":171,"column":5}},"67":{"start":{"line":163,"column":6},"end":{"line":166,"column":7}},"68":{"start":{"line":164,"column":8},"end":{"line":164,"column":49}},"69":{"start":{"line":165,"column":8},"end":{"line":165,"column":36}},"70":{"start":{"line":168,"column":6},"end":{"line":168,"column":20}},"71":{"start":{"line":170,"column":6},"end":{"line":170,"column":71}},"72":{"start":{"line":178,"column":22},"end":{"line":212,"column":1}},"73":{"start":{"line":179,"column":2},"end":{"line":211,"column":3}},"74":{"start":{"line":180,"column":4},"end":{"line":183,"column":5}},"75":{"start":{"line":181,"column":6},"end":{"line":181,"column":86}},"76":{"start":{"line":182,"column":6},"end":{"line":182,"column":22}},"77":{"start":{"line":185,"column":24},"end":{"line":185,"column":55}},"78":{"start":{"line":186,"column":26},"end":{"line":186,"column":28}},"79":{"start":{"line":188,"column":4},"end":{"line":190,"column":5}},"80":{"start":{"line":189,"column":6},"end":{"line":189,"column":58}},"81":{"start":{"line":192,"column":4},"end":{"line":192,"column":37}},"82":{"start":{"line":193,"column":4},"end":{"line":193,"column":51}},"83":{"start":{"line":195,"column":4},"end":{"line":195,"column":52}},"84":{"start":{"line":198,"column":4},"end":{"line":210,"column":5}},"85":{"start":{"line":199,"column":6},"end":{"line":199,"column":28}},"86":{"start":{"line":200,"column":6},"end":{"line":200,"column":22}},"87":{"start":{"line":202,"column":26},"end":{"line":202,"column":57}},"88":{"start":{"line":203,"column":6},"end":{"line":205,"column":7}},"89":{"start":{"line":204,"column":8},"end":{"line":204,"column":46}},"90":{"start":{"line":206,"column":6},"end":{"line":206,"column":73}},"91":{"start":{"line":208,"column":6},"end":{"line":208,"column":78}},"92":{"start":{"line":209,"column":6},"end":{"line":209,"column":23}},"93":{"start":{"line":218,"column":21},"end":{"line":267,"column":1}},"94":{"start":{"line":219,"column":2},"end":{"line":266,"column":3}},"95":{"start":{"line":220,"column":4},"end":{"line":223,"column":5}},"96":{"start":{"line":221,"column":6},"end":{"line":221,"column":85}},"97":{"start":{"line":222,"column":6},"end":{"line":222,"column":22}},"98":{"start":{"line":226,"column":4},"end":{"line":229,"column":5}},"99":{"start":{"line":227,"column":6},"end":{"line":227,"column":70}},"100":{"start":{"line":228,"column":6},"end":{"line":228,"column":13}},"101":{"start":{"line":231,"column":4},"end":{"line":231,"column":54}},"102":{"start":{"line":234,"column":4},"end":{"line":251,"column":5}},"103":{"start":{"line":236,"column":6},"end":{"line":239,"column":7}},"104":{"start":{"line":237,"column":8},"end":{"line":237,"column":63}},"105":{"start":{"line":238,"column":8},"end":{"line":238,"column":17}},"106":{"start":{"line":241,"column":20},"end":{"line":241,"column":45}},"107":{"start":{"line":244,"column":6},"end":{"line":250,"column":7}},"108":{"start":{"line":245,"column":8},"end":{"line":245,"column":42}},"109":{"start":{"line":246,"column":8},"end":{"line":246,"column":80}},"110":{"start":{"line":248,"column":8},"end":{"line":248,"column":38}},"111":{"start":{"line":249,"column":8},"end":{"line":249,"column":61}},"112":{"start":{"line":253,"column":4},"end":{"line":253,"column":46}},"113":{"start":{"line":255,"column":4},"end":{"line":255,"column":52}},"114":{"start":{"line":258,"column":4},"end":{"line":265,"column":5}},"115":{"start":{"line":259,"column":6},"end":{"line":259,"column":28}},"116":{"start":{"line":260,"column":6},"end":{"line":260,"column":22}},"117":{"start":{"line":261,"column":6},"end":{"line":261,"column":32}},"118":{"start":{"line":263,"column":6},"end":{"line":263,"column":78}},"119":{"start":{"line":264,"column":6},"end":{"line":264,"column":23}},"120":{"start":{"line":272,"column":22},"end":{"line":330,"column":1}},"121":{"start":{"line":273,"column":2},"end":{"line":329,"column":3}},"122":{"start":{"line":274,"column":4},"end":{"line":307,"column":5}},"123":{"start":{"line":276,"column":6},"end":{"line":306,"column":7}},"124":{"start":{"line":278,"column":31},"end":{"line":278,"column":97}},"125":{"start":{"line":280,"column":8},"end":{"line":303,"column":9}},"126":{"start":{"line":281,"column":10},"end":{"line":281,"column":99}},"127":{"start":{"line":284,"column":10},"end":{"line":302,"column":11}},"128":{"start":{"line":286,"column":12},"end":{"line":299,"column":13}},"129":{"start":{"line":288,"column":14},"end":{"line":298,"column":15}},"130":{"start":{"line":289,"column":16},"end":{"line":297,"column":17}},"131":{"start":{"line":291,"column":18},"end":{"line":294,"column":19}},"132":{"start":{"line":293,"column":20},"end":{"line":293,"column":41}},"133":{"start":{"line":310,"column":4},"end":{"line":310,"column":26}},"134":{"start":{"line":313,"column":4},"end":{"line":315,"column":5}},"135":{"start":{"line":314,"column":6},"end":{"line":314,"column":18}},"136":{"start":{"line":317,"column":4},"end":{"line":317,"column":54}},"137":{"start":{"line":320,"column":4},"end":{"line":328,"column":5}},"138":{"start":{"line":321,"column":6},"end":{"line":324,"column":7}},"139":{"start":{"line":322,"column":8},"end":{"line":322,"column":49}},"140":{"start":{"line":323,"column":8},"end":{"line":323,"column":36}},"141":{"start":{"line":325,"column":6},"end":{"line":325,"column":20}},"142":{"start":{"line":333,"column":0},"end":{"line":339,"column":5}},"143":{"start":{"line":335,"column":4},"end":{"line":335,"column":56}},"144":{"start":{"line":338,"column":4},"end":{"line":338,"column":50}},"145":{"start":{"line":342,"column":0},"end":{"line":344,"column":3}},"146":{"start":{"line":343,"column":2},"end":{"line":343,"column":24}},"147":{"start":{"line":347,"column":0},"end":{"line":353,"column":2}},"148":{"start":{"line":355,"column":0},"end":{"line":362,"column":2}}},"fnMap":{"0":{"name":"(anonymous_0)","decl":{"start":{"line":11,"column":16},"end":{"line":11,"column":17}},"loc":{"start":{"line":11,"column":39},"end":{"line":116,"column":1}},"line":11},"1":{"name":"(anonymous_1)","decl":{"start":{"line":23,"column":20},"end":{"line":23,"column":21}},"loc":{"start":{"line":23,"column":32},"end":{"line":110,"column":3}},"line":23},"2":{"name":"(anonymous_2)","decl":{"start":{"line":88,"column":40},"end":{"line":88,"column":41}},"loc":{"start":{"line":88,"column":47},"end":{"line":90,"column":9}},"line":88},"3":{"name":"(anonymous_3)","decl":{"start":{"line":107,"column":26},"end":{"line":107,"column":27}},"loc":{"start":{"line":107,"column":39},"end":{"line":107,"column":68}},"line":107},"4":{"name":"(anonymous_4)","decl":{"start":{"line":110,"column":15},"end":{"line":110,"column":16}},"loc":{"start":{"line":110,"column":21},"end":{"line":113,"column":3}},"line":110},"5":{"name":"(anonymous_5)","decl":{"start":{"line":121,"column":22},"end":{"line":121,"column":23}},"loc":{"start":{"line":121,"column":34},"end":{"line":173,"column":1}},"line":121},"6":{"name":"(anonymous_6)","decl":{"start":{"line":133,"column":22},"end":{"line":133,"column":23}},"loc":{"start":{"line":133,"column":35},"end":{"line":133,"column":72}},"line":133},"7":{"name":"(anonymous_7)","decl":{"start":{"line":135,"column":22},"end":{"line":135,"column":23}},"loc":{"start":{"line":135,"column":35},"end":{"line":135,"column":60}},"line":135},"8":{"name":"(anonymous_8)","decl":{"start":{"line":178,"column":22},"end":{"line":178,"column":23}},"loc":{"start":{"line":178,"column":34},"end":{"line":212,"column":1}},"line":178},"9":{"name":"(anonymous_9)","decl":{"start":{"line":218,"column":21},"end":{"line":218,"column":22}},"loc":{"start":{"line":218,"column":42},"end":{"line":267,"column":1}},"line":218},"10":{"name":"(anonymous_10)","decl":{"start":{"line":272,"column":22},"end":{"line":272,"column":23}},"loc":{"start":{"line":272,"column":34},"end":{"line":330,"column":1}},"line":272},"11":{"name":"(anonymous_11)","decl":{"start":{"line":334,"column":8},"end":{"line":334,"column":9}},"loc":{"start":{"line":334,"column":14},"end":{"line":336,"column":3}},"line":334},"12":{"name":"(anonymous_12)","decl":{"start":{"line":337,"column":9},"end":{"line":337,"column":10}},"loc":{"start":{"line":337,"column":20},"end":{"line":339,"column":3}},"line":337},"13":{"name":"(anonymous_13)","decl":{"start":{"line":342,"column":9},"end":{"line":342,"column":10}},"loc":{"start":{"line":342,"column":21},"end":{"line":344,"column":1}},"line":342}},"branchMap":{"0":{"loc":{"start":{"line":11,"column":23},"end":{"line":11,"column":34}},"type":"default-arg","locations":[{"start":{"line":11,"column":33},"end":{"line":11,"column":34}}],"line":11},"1":{"loc":{"start":{"line":13,"column":2},"end":{"line":15,"column":3}},"type":"if","locations":[{"start":{"line":13,"column":2},"end":{"line":15,"column":3}},{"start":{},"end":{}}],"line":13},"2":{"loc":{"start":{"line":18,"column":2},"end":{"line":20,"column":3}},"type":"if","locations":[{"start":{"line":18,"column":2},"end":{"line":20,"column":3}},{"start":{},"end":{}}],"line":18},"3":{"loc":{"start":{"line":27,"column":18},"end":{"line":27,"column":80}},"type":"binary-expr","locations":[{"start":{"line":27,"column":18},"end":{"line":27,"column":41}},{"start":{"line":27,"column":45},"end":{"line":27,"column":80}}],"line":27},"4":{"loc":{"start":{"line":30,"column":8},"end":{"line":38,"column":9}},"type":"if","locations":[{"start":{"line":30,"column":8},"end":{"line":38,"column":9}},{"start":{},"end":{}}],"line":30},"5":{"loc":{"start":{"line":66,"column":8},"end":{"line":73,"column":9}},"type":"if","locations":[{"start":{"line":66,"column":8},"end":{"line":73,"column":9}},{"start":{},"end":{}}],"line":66},"6":{"loc":{"start":{"line":98,"column":8},"end":{"line":102,"column":9}},"type":"if","locations":[{"start":{"line":98,"column":8},"end":{"line":102,"column":9}},{"start":{},"end":{}}],"line":98},"7":{"loc":{"start":{"line":127,"column":25},"end":{"line":127,"column":92}},"type":"binary-expr","locations":[{"start":{"line":127,"column":25},"end":{"line":127,"column":87}},{"start":{"line":127,"column":91},"end":{"line":127,"column":92}}],"line":127},"8":{"loc":{"start":{"line":129,"column":6},"end":{"line":137,"column":7}},"type":"if","locations":[{"start":{"line":129,"column":6},"end":{"line":137,"column":7}},{"start":{},"end":{}}],"line":129},"9":{"loc":{"start":{"line":142,"column":4},"end":{"line":151,"column":5}},"type":"if","locations":[{"start":{"line":142,"column":4},"end":{"line":151,"column":5}},{"start":{},"end":{}}],"line":142},"10":{"loc":{"start":{"line":153,"column":4},"end":{"line":157,"column":5}},"type":"if","locations":[{"start":{"line":153,"column":4},"end":{"line":157,"column":5}},{"start":{},"end":{}}],"line":153},"11":{"loc":{"start":{"line":163,"column":6},"end":{"line":166,"column":7}},"type":"if","locations":[{"start":{"line":163,"column":6},"end":{"line":166,"column":7}},{"start":{},"end":{}}],"line":163},"12":{"loc":{"start":{"line":180,"column":4},"end":{"line":183,"column":5}},"type":"if","locations":[{"start":{"line":180,"column":4},"end":{"line":183,"column":5}},{"start":{},"end":{}}],"line":180},"13":{"loc":{"start":{"line":218,"column":28},"end":{"line":218,"column":37}},"type":"default-arg","locations":[{"start":{"line":218,"column":35},"end":{"line":218,"column":37}}],"line":218},"14":{"loc":{"start":{"line":220,"column":4},"end":{"line":223,"column":5}},"type":"if","locations":[{"start":{"line":220,"column":4},"end":{"line":223,"column":5}},{"start":{},"end":{}}],"line":220},"15":{"loc":{"start":{"line":226,"column":4},"end":{"line":229,"column":5}},"type":"if","locations":[{"start":{"line":226,"column":4},"end":{"line":229,"column":5}},{"start":{},"end":{}}],"line":226},"16":{"loc":{"start":{"line":236,"column":6},"end":{"line":239,"column":7}},"type":"if","locations":[{"start":{"line":236,"column":6},"end":{"line":239,"column":7}},{"start":{},"end":{}}],"line":236},"17":{"loc":{"start":{"line":244,"column":6},"end":{"line":250,"column":7}},"type":"if","locations":[{"start":{"line":244,"column":6},"end":{"line":250,"column":7}},{"start":{"line":247,"column":13},"end":{"line":250,"column":7}}],"line":244},"18":{"loc":{"start":{"line":274,"column":4},"end":{"line":307,"column":5}},"type":"if","locations":[{"start":{"line":274,"column":4},"end":{"line":307,"column":5}},{"start":{},"end":{}}],"line":274},"19":{"loc":{"start":{"line":278,"column":31},"end":{"line":278,"column":97}},"type":"binary-expr","locations":[{"start":{"line":278,"column":31},"end":{"line":278,"column":92}},{"start":{"line":278,"column":96},"end":{"line":278,"column":97}}],"line":278},"20":{"loc":{"start":{"line":280,"column":8},"end":{"line":303,"column":9}},"type":"if","locations":[{"start":{"line":280,"column":8},"end":{"line":303,"column":9}},{"start":{},"end":{}}],"line":280},"21":{"loc":{"start":{"line":286,"column":12},"end":{"line":299,"column":13}},"type":"if","locations":[{"start":{"line":286,"column":12},"end":{"line":299,"column":13}},{"start":{},"end":{}}],"line":286},"22":{"loc":{"start":{"line":291,"column":18},"end":{"line":294,"column":19}},"type":"if","locations":[{"start":{"line":291,"column":18},"end":{"line":294,"column":19}},{"start":{},"end":{}}],"line":291},"23":{"loc":{"start":{"line":291,"column":22},"end":{"line":291,"column":73}},"type":"binary-expr","locations":[{"start":{"line":291,"column":22},"end":{"line":291,"column":29}},{"start":{"line":291,"column":33},"end":{"line":291,"column":73}}],"line":291},"24":{"loc":{"start":{"line":313,"column":4},"end":{"line":315,"column":5}},"type":"if","locations":[{"start":{"line":313,"column":4},"end":{"line":315,"column":5}},{"start":{},"end":{}}],"line":313},"25":{"loc":{"start":{"line":321,"column":6},"end":{"line":324,"column":7}},"type":"if","locations":[{"start":{"line":321,"column":6},"end":{"line":324,"column":7}},{"start":{},"end":{}}],"line":321}},"s":{"0":2,"1":2,"2":2,"3":2,"4":2,"5":2,"6":0,"7":2,"8":0,"9":2,"10":2,"11":2,"12":2,"13":2,"14":2,"15":0,"16":0,"17":0,"18":0,"19":0,"20":2,"21":2,"22":0,"23":0,"24":0,"25":0,"26":0,"27":0,"28":0,"29":0,"30":0,"31":0,"32":0,"33":0,"34":0,"35":0,"36":0,"37":0,"38":0,"39":0,"40":0,"41":0,"42":0,"43":0,"44":0,"45":2,"46":2,"47":2,"48":2,"49":2,"50":2,"51":0,"52":0,"53":0,"54":0,"55":2,"56":0,"57":0,"58":0,"59":0,"60":0,"61":2,"62":0,"63":0,"64":0,"65":0,"66":0,"67":0,"68":0,"69":0,"70":0,"71":0,"72":2,"73":0,"74":0,"75":0,"76":0,"77":0,"78":0,"79":0,"80":0,"81":0,"82":0,"83":0,"84":0,"85":0,"86":0,"87":0,"88":0,"89":0,"90":0,"91":0,"92":0,"93":2,"94":0,"95":0,"96":0,"97":0,"98":0,"99":0,"100":0,"101":0,"102":0,"103":0,"104":0,"105":0,"106":0,"107":0,"108":0,"109":0,"110":0,"111":0,"112":0,"113":0,"114":0,"115":0,"116":0,"117":0,"118":0,"119":0,"120":2,"121":2,"122":2,"123":0,"124":0,"125":0,"126":0,"127":0,"128":0,"129":0,"130":0,"131":0,"132":0,"133":2,"134":2,"135":0,"136":0,"137":0,"138":0,"139":0,"140":0,"141":0,"142":2,"143":0,"144":0,"145":2,"146":2,"147":2,"148":2},"f":{"0":2,"1":2,"2":0,"3":0,"4":0,"5":2,"6":0,"7":0,"8":0,"9":0,"10":2,"11":0,"12":0,"13":2},"b":{"0":[2],"1":[0,2],"2":[0,2],"3":[2,0],"4":[0,2],"5":[0,0],"6":[0,0],"7":[2,2],"8":[0,2],"9":[0,2],"10":[0,2],"11":[0,0],"12":[0,0],"13":[0],"14":[0,0],"15":[0,0],"16":[0,0],"17":[0,0],"18":[0,2],"19":[0,0],"20":[0,0],"21":[0,0],"22":[0,0],"23":[0,0],"24":[0,2],"25":[0,0]},"_coverageSchema":"1a1c01bbd47fc00a2c39e90264f33305004495a9","hash":"b83ee67e980a63dc119c90cdd90195641fa385d5"}
,"C:\\Users\\olari\\Downloads\\healthcare-main\\healthcare-main\\HealthcareSync\\frontend\\src\\pages\\src\\components\\billing\\InvoiceList.js": {"path":"C:\\Users\\olari\\Downloads\\healthcare-main\\healthcare-main\\HealthcareSync\\frontend\\src\\pages\\src\\components\\billing\\InvoiceList.js","statementMap":{"0":{"start":{"line":4,"column":20},"end":{"line":30,"column":1}},"1":{"start":{"line":5,"column":2},"end":{"line":29,"column":4}},"2":{"start":{"line":17,"column":12},"end":{"line":24,"column":18}}},"fnMap":{"0":{"name":"(anonymous_0)","decl":{"start":{"line":4,"column":20},"end":{"line":4,"column":21}},"loc":{"start":{"line":4,"column":38},"end":{"line":30,"column":1}},"line":4},"1":{"name":"(anonymous_1)","decl":{"start":{"line":16,"column":24},"end":{"line":16,"column":25}},"loc":{"start":{"line":17,"column":12},"end":{"line":24,"column":18}},"line":17}},"branchMap":{"0":{"loc":{"start":{"line":8,"column":7},"end":{"line":27,"column":7}},"type":"cond-expr","locations":[{"start":{"line":9,"column":8},"end":{"line":13,"column":14}},{"start":{"line":15,"column":8},"end":{"line":26,"column":14}}],"line":8}},"s":{"0":1,"1":5,"2":8},"f":{"0":5,"1":8},"b":{"0":[1,4]},"_coverageSchema":"1a1c01bbd47fc00a2c39e90264f33305004495a9","hash":"80ac9b80763f9235cd0403ac2868687c6693b8fc"}
,"C:\\Users\\olari\\Downloads\\healthcare-main\\healthcare-main\\HealthcareSync\\frontend\\src\\pages\\src\\components\\billing\\PaymentMethods.js": {"path":"C:\\Users\\olari\\Downloads\\healthcare-main\\healthcare-main\\HealthcareSync\\frontend\\src\\pages\\src\\components\\billing\\PaymentMethods.js","statementMap":{"0":{"start":{"line":4,"column":23},"end":{"line":105,"column":1}},"1":{"start":{"line":13,"column":2},"end":{"line":104,"column":4}},"2":{"start":{"line":53,"column":12},"end":{"line":99,"column":18}},"3":{"start":{"line":73,"column":37},"end":{"line":73,"column":61}},"4":{"start":{"line":82,"column":35},"end":{"line":82,"column":49}},"5":{"start":{"line":90,"column":35},"end":{"line":90,"column":55}}},"fnMap":{"0":{"name":"(anonymous_0)","decl":{"start":{"line":4,"column":23},"end":{"line":4,"column":24}},"loc":{"start":{"line":12,"column":6},"end":{"line":105,"column":1}},"line":12},"1":{"name":"(anonymous_1)","decl":{"start":{"line":52,"column":30},"end":{"line":52,"column":31}},"loc":{"start":{"line":53,"column":12},"end":{"line":99,"column":18}},"line":53},"2":{"name":"(anonymous_2)","decl":{"start":{"line":73,"column":31},"end":{"line":73,"column":32}},"loc":{"start":{"line":73,"column":37},"end":{"line":73,"column":61}},"line":73},"3":{"name":"(anonymous_3)","decl":{"start":{"line":82,"column":29},"end":{"line":82,"column":30}},"loc":{"start":{"line":82,"column":35},"end":{"line":82,"column":49}},"line":82},"4":{"name":"(anonymous_4)","decl":{"start":{"line":90,"column":29},"end":{"line":90,"column":30}},"loc":{"start":{"line":90,"column":35},"end":{"line":90,"column":55}},"line":90}},"branchMap":{"0":{"loc":{"start":{"line":17,"column":9},"end":{"line":27,"column":9}},"type":"binary-expr","locations":[{"start":{"line":17,"column":10},"end":{"line":17,"column":19}},{"start":{"line":17,"column":23},"end":{"line":17,"column":30}},{"start":{"line":18,"column":10},"end":{"line":26,"column":19}}],"line":17},"1":{"loc":{"start":{"line":29,"column":7},"end":{"line":102,"column":7}},"type":"cond-expr","locations":[{"start":{"line":30,"column":8},"end":{"line":49,"column":14}},{"start":{"line":51,"column":8},"end":{"line":101,"column":14}}],"line":29},"2":{"loc":{"start":{"line":34,"column":13},"end":{"line":36,"column":62}},"type":"cond-expr","locations":[{"start":{"line":35,"column":16},"end":{"line":35,"column":67}},{"start":{"line":36,"column":16},"end":{"line":36,"column":62}}],"line":34},"3":{"loc":{"start":{"line":38,"column":11},"end":{"line":48,"column":11}},"type":"binary-expr","locations":[{"start":{"line":38,"column":11},"end":{"line":38,"column":20}},{"start":{"line":39,"column":12},"end":{"line":47,"column":18}}],"line":38},"4":{"loc":{"start":{"line":54,"column":15},"end":{"line":58,"column":15}},"type":"binary-expr","locations":[{"start":{"line":54,"column":15},"end":{"line":54,"column":31}},{"start":{"line":55,"column":16},"end":{"line":57,"column":23}}],"line":54},"5":{"loc":{"start":{"line":69,"column":15},"end":{"line":98,"column":15}},"type":"binary-expr","locations":[{"start":{"line":69,"column":16},"end":{"line":69,"column":25}},{"start":{"line":69,"column":29},"end":{"line":69,"column":36}},{"start":{"line":70,"column":16},"end":{"line":97,"column":22}}],"line":69},"6":{"loc":{"start":{"line":71,"column":19},"end":{"line":80,"column":19}},"type":"binary-expr","locations":[{"start":{"line":71,"column":19},"end":{"line":71,"column":36}},{"start":{"line":72,"column":20},"end":{"line":79,"column":29}}],"line":71}},"s":{"0":1,"1":6,"2":10,"3":0,"4":0,"5":0},"f":{"0":6,"1":10,"2":0,"3":0,"4":0},"b":{"0":[6,6,0],"1":[1,5],"2":[0,1],"3":[1,0],"4":[10,4],"5":[10,10,0],"6":[0,0]},"_coverageSchema":"1a1c01bbd47fc00a2c39e90264f33305004495a9","hash":"a94f6a0520de44986e9bf5b6f3dd6d6d4d6acae6"}
}
