TN:
SF:__tests__\helpers\mongodb.setup.js
FN:11,(anonymous_0)
FN:23,(anonymous_1)
FN:88,(anonymous_2)
FN:107,(anonymous_3)
FN:110,(anonymous_4)
FN:121,(anonymous_5)
FN:133,(anonymous_6)
FN:135,(anonymous_7)
FN:178,(anonymous_8)
FN:218,(anonymous_9)
FN:272,(anonymous_10)
FN:334,(anonymous_11)
FN:337,(anonymous_12)
FN:342,(anonymous_13)
FNF:14
FNH:5
FNDA:2,(anonymous_0)
FNDA:2,(anonymous_1)
FNDA:0,(anonymous_2)
FNDA:0,(anonymous_3)
FNDA:0,(anonymous_4)
FNDA:2,(anonymous_5)
FNDA:0,(anonymous_6)
FNDA:0,(anonymous_7)
FNDA:0,(anonymous_8)
FNDA:0,(anonymous_9)
FNDA:2,(anonymous_10)
FNDA:0,(anonymous_11)
FNDA:0,(anonymous_12)
FNDA:2,(anonymous_13)
DA:1,2
DA:2,2
DA:4,2
DA:5,2
DA:11,2
DA:13,2
DA:14,0
DA:18,2
DA:19,0
DA:23,2
DA:24,2
DA:25,2
DA:27,2
DA:30,2
DA:31,0
DA:32,0
DA:33,0
DA:35,0
DA:37,0
DA:40,2
DA:42,2
DA:55,0
DA:56,0
DA:58,0
DA:62,0
DA:66,0
DA:67,0
DA:68,0
DA:69,0
DA:71,0
DA:76,0
DA:84,0
DA:85,0
DA:88,0
DA:89,0
DA:93,0
DA:95,0
DA:98,0
DA:99,0
DA:105,0
DA:106,0
DA:107,0
DA:112,0
DA:115,2
DA:121,2
DA:122,2
DA:124,2
DA:127,2
DA:129,2
DA:130,0
DA:131,0
DA:133,0
DA:135,0
DA:142,2
DA:143,0
DA:144,0
DA:146,0
DA:149,0
DA:150,0
DA:153,2
DA:154,0
DA:155,0
DA:156,0
DA:159,0
DA:162,0
DA:163,0
DA:164,0
DA:165,0
DA:168,0
DA:170,0
DA:178,2
DA:179,0
DA:180,0
DA:181,0
DA:182,0
DA:185,0
DA:186,0
DA:188,0
DA:189,0
DA:192,0
DA:193,0
DA:195,0
DA:198,0
DA:199,0
DA:200,0
DA:202,0
DA:203,0
DA:204,0
DA:206,0
DA:208,0
DA:209,0
DA:218,2
DA:219,0
DA:220,0
DA:221,0
DA:222,0
DA:226,0
DA:227,0
DA:228,0
DA:231,0
DA:234,0
DA:236,0
DA:237,0
DA:238,0
DA:241,0
DA:244,0
DA:245,0
DA:246,0
DA:248,0
DA:249,0
DA:253,0
DA:255,0
DA:258,0
DA:259,0
DA:260,0
DA:261,0
DA:263,0
DA:264,0
DA:272,2
DA:273,2
DA:274,2
DA:276,0
DA:278,0
DA:280,0
DA:281,0
DA:284,0
DA:286,0
DA:288,0
DA:289,0
DA:291,0
DA:293,0
DA:310,2
DA:313,2
DA:314,0
DA:317,0
DA:320,0
DA:321,0
DA:322,0
DA:323,0
DA:325,0
DA:333,2
DA:335,0
DA:338,0
DA:342,2
DA:343,2
DA:347,2
DA:355,2
LF:147
LH:34
BRDA:11,0,0,2
BRDA:13,1,0,0
BRDA:13,1,1,2
BRDA:18,2,0,0
BRDA:18,2,1,2
BRDA:27,3,0,2
BRDA:27,3,1,0
BRDA:30,4,0,0
BRDA:30,4,1,2
BRDA:66,5,0,0
BRDA:66,5,1,0
BRDA:98,6,0,0
BRDA:98,6,1,0
BRDA:127,7,0,2
BRDA:127,7,1,2
BRDA:129,8,0,0
BRDA:129,8,1,2
BRDA:142,9,0,0
BRDA:142,9,1,2
BRDA:153,10,0,0
BRDA:153,10,1,2
BRDA:163,11,0,0
BRDA:163,11,1,0
BRDA:180,12,0,0
BRDA:180,12,1,0
BRDA:218,13,0,0
BRDA:220,14,0,0
BRDA:220,14,1,0
BRDA:226,15,0,0
BRDA:226,15,1,0
BRDA:236,16,0,0
BRDA:236,16,1,0
BRDA:244,17,0,0
BRDA:244,17,1,0
BRDA:274,18,0,0
BRDA:274,18,1,2
BRDA:278,19,0,0
BRDA:278,19,1,0
BRDA:280,20,0,0
BRDA:280,20,1,0
BRDA:286,21,0,0
BRDA:286,21,1,0
BRDA:291,22,0,0
BRDA:291,22,1,0
BRDA:291,23,0,0
BRDA:291,23,1,0
BRDA:313,24,0,0
BRDA:313,24,1,2
BRDA:321,25,0,0
BRDA:321,25,1,0
BRF:50
BRH:12
end_of_record
TN:
SF:healthcare-main\HealthcareSync\frontend\src\pages\src\components\billing\InvoiceList.js
FN:4,(anonymous_0)
FN:16,(anonymous_1)
FNF:2
FNH:2
FNDA:5,(anonymous_0)
FNDA:8,(anonymous_1)
DA:4,1
DA:5,5
DA:17,8
LF:3
LH:3
BRDA:8,0,0,1
BRDA:8,0,1,4
BRF:2
BRH:2
end_of_record
TN:
SF:healthcare-main\HealthcareSync\frontend\src\pages\src\components\billing\PaymentMethods.js
FN:4,(anonymous_0)
FN:52,(anonymous_1)
FN:73,(anonymous_2)
FN:82,(anonymous_3)
FN:90,(anonymous_4)
FNF:5
FNH:2
FNDA:6,(anonymous_0)
FNDA:10,(anonymous_1)
FNDA:0,(anonymous_2)
FNDA:0,(anonymous_3)
FNDA:0,(anonymous_4)
DA:4,1
DA:13,6
DA:53,10
DA:73,0
DA:82,0
DA:90,0
LF:6
LH:3
BRDA:17,0,0,6
BRDA:17,0,1,6
BRDA:17,0,2,0
BRDA:29,1,0,1
BRDA:29,1,1,5
BRDA:34,2,0,0
BRDA:34,2,1,1
BRDA:38,3,0,1
BRDA:38,3,1,0
BRDA:54,4,0,10
BRDA:54,4,1,4
BRDA:69,5,0,10
BRDA:69,5,1,10
BRDA:69,5,2,0
BRDA:71,6,0,0
BRDA:71,6,1,0
BRF:16
BRH:10
end_of_record
